The system is: Linux - 3.10.0-1160.76.1.el7.x86_64 - x86_64
Compiling the C compiler identification source file "CMakeCCompilerId.c" succeeded.
Compiler: /ccc/products/gcc-9.3.0/system/default/bin/gcc 
Build flags: 
Id flags:  

The output was:
0


Compilation of the C compiler identification source "CMakeCCompilerId.c" produced "a.out"

The C compiler identification is GNU, found in "/ccc/work/cont003/mds/guerouda/deisa_v3/DEISA_PHD_FIN/E2/P32_W16_D256_D2022-12-12_14:50:48/CMakeFiles/3.13.3/CompilerIdC/a.out"

Compiling the CXX compiler identification source file "CMakeCXXCompilerId.cpp" succeeded.
Compiler: /ccc/products/gcc-9.3.0/system/default/bin/g++ 
Build flags: 
Id flags:  

The output was:
0


Compilation of the CXX compiler identification source "CMakeCXXCompilerId.cpp" produced "a.out"

The CXX compiler identification is GNU, found in "/ccc/work/cont003/mds/guerouda/deisa_v3/DEISA_PHD_FIN/E2/P32_W16_D256_D2022-12-12_14:50:48/CMakeFiles/3.13.3/CompilerIdCXX/a.out"

Determining if the C compiler works passed with the following output:
Change Dir: /ccc/work/cont003/mds/guerouda/deisa_v3/DEISA_PHD_FIN/E2/P32_W16_D256_D2022-12-12_14:50:48/CMakeFiles/CMakeTmp

Run Build Command:"/usr/bin/gmake" "cmTC_9a8c7/fast"
/usr/bin/gmake -f CMakeFiles/cmTC_9a8c7.dir/build.make CMakeFiles/cmTC_9a8c7.dir/build
gmake[1]: Entering directory `/ccc/work/cont003/mds/guerouda/deisa_v3/DEISA_PHD_FIN/E2/P32_W16_D256_D2022-12-12_14:50:48/CMakeFiles/CMakeTmp'
Building C object CMakeFiles/cmTC_9a8c7.dir/testCCompiler.c.o
/ccc/products/gcc-9.3.0/system/default/bin/gcc    -o CMakeFiles/cmTC_9a8c7.dir/testCCompiler.c.o   -c /ccc/work/cont003/mds/guerouda/deisa_v3/DEISA_PHD_FIN/E2/P32_W16_D256_D2022-12-12_14:50:48/CMakeFiles/CMakeTmp/testCCompiler.c
Linking C executable cmTC_9a8c7
/ccc/products2/cmake-3.13.3/Atos_7__x86_64/system/default/bin/cmake -E cmake_link_script CMakeFiles/cmTC_9a8c7.dir/link.txt --verbose=1
/ccc/products/gcc-9.3.0/system/default/bin/gcc      CMakeFiles/cmTC_9a8c7.dir/testCCompiler.c.o  -o cmTC_9a8c7 
gmake[1]: Leaving directory `/ccc/work/cont003/mds/guerouda/deisa_v3/DEISA_PHD_FIN/E2/P32_W16_D256_D2022-12-12_14:50:48/CMakeFiles/CMakeTmp'


Detecting C compiler ABI info compiled with the following output:
Change Dir: /ccc/work/cont003/mds/guerouda/deisa_v3/DEISA_PHD_FIN/E2/P32_W16_D256_D2022-12-12_14:50:48/CMakeFiles/CMakeTmp

Run Build Command:"/usr/bin/gmake" "cmTC_45ed6/fast"
/usr/bin/gmake -f CMakeFiles/cmTC_45ed6.dir/build.make CMakeFiles/cmTC_45ed6.dir/build
gmake[1]: Entering directory `/ccc/work/cont003/mds/guerouda/deisa_v3/DEISA_PHD_FIN/E2/P32_W16_D256_D2022-12-12_14:50:48/CMakeFiles/CMakeTmp'
Building C object CMakeFiles/cmTC_45ed6.dir/CMakeCCompilerABI.c.o
/ccc/products/gcc-9.3.0/system/default/bin/gcc    -o CMakeFiles/cmTC_45ed6.dir/CMakeCCompilerABI.c.o   -c /ccc/products2/cmake-3.13.3/Atos_7__x86_64/system/default/share/cmake-3.13/Modules/CMakeCCompilerABI.c
Linking C executable cmTC_45ed6
/ccc/products2/cmake-3.13.3/Atos_7__x86_64/system/default/bin/cmake -E cmake_link_script CMakeFiles/cmTC_45ed6.dir/link.txt --verbose=1
/ccc/products/gcc-9.3.0/system/default/bin/gcc     -v CMakeFiles/cmTC_45ed6.dir/CMakeCCompilerABI.c.o  -o cmTC_45ed6 
Using built-in specs.
COLLECT_GCC=/ccc/products/gcc-9.3.0/system/default/bin/gcc
COLLECT_LTO_WRAPPER=/ccc/products2/gcc-9.3.0/Atos_7__x86_64/system/default/bin/../libexec/gcc/x86_64-pc-linux-gnu/9.3.0/lto-wrapper
Target: x86_64-pc-linux-gnu
Configured with: ../configure --enable-languages=c,c++,fortran --enable-lto --enable-checking=release --disable-multilib --enable-shared=yes --enable-static=yes --enable-threads=posix --enable-gold=default --enable-plugins --enable-ld --with-plugin-ld=ld.gold --enable-bootstrap --prefix=/ccc/products/ccc_users_env/compil/Atos_7__x86_64/gcc-9.3.0/system/default --with-local-prefix=/ccc/products/ccc_users_env/compil/Atos_7__x86_64/gcc-9.3.0/system/default
Thread model: posix
gcc version 9.3.0 (GCC) 
COMPILER_PATH=/ccc/products2/gcc-9.3.0/Atos_7__x86_64/system/default/bin/../libexec/gcc/x86_64-pc-linux-gnu/9.3.0/:/ccc/products2/gcc-9.3.0/Atos_7__x86_64/system/default/bin/../libexec/gcc/
LIBRARY_PATH=/ccc/products2/gcc-9.3.0/Atos_7__x86_64/system/default/bin/../lib/gcc/x86_64-pc-linux-gnu/9.3.0/:/ccc/products2/gcc-9.3.0/Atos_7__x86_64/system/default/bin/../lib/gcc/:/ccc/products/gcc-9.3.0/system/default/lib64/../lib64/:/ccc/products2/gcc-9.3.0/Atos_7__x86_64/system/default/bin/../lib/gcc/x86_64-pc-linux-gnu/9.3.0/../../../../lib64/:/lib/../lib64/:/usr/lib/../lib64/:/ccc/products/gcc-9.3.0/system/default/lib64/:/ccc/products2/gcc-9.3.0/Atos_7__x86_64/system/default/bin/../lib/gcc/x86_64-pc-linux-gnu/9.3.0/../../../:/lib/:/usr/lib/
COLLECT_GCC_OPTIONS='-v' '-o' 'cmTC_45ed6' '-mtune=generic' '-march=x86-64'
 /ccc/products2/gcc-9.3.0/Atos_7__x86_64/system/default/bin/../libexec/gcc/x86_64-pc-linux-gnu/9.3.0/collect2 -plugin /ccc/products2/gcc-9.3.0/Atos_7__x86_64/system/default/bin/../libexec/gcc/x86_64-pc-linux-gnu/9.3.0/liblto_plugin.so -plugin-opt=/ccc/products2/gcc-9.3.0/Atos_7__x86_64/system/default/bin/../libexec/gcc/x86_64-pc-linux-gnu/9.3.0/lto-wrapper -plugin-opt=-fresolution=/tmp/ccNQjfn2.res -plugin-opt=-pass-through=-lgcc -plugin-opt=-pass-through=-lgcc_s -plugin-opt=-pass-through=-lc -plugin-opt=-pass-through=-lgcc -plugin-opt=-pass-through=-lgcc_s --eh-frame-hdr -m elf_x86_64 -dynamic-linker /lib64/ld-linux-x86-64.so.2 -o cmTC_45ed6 /lib/../lib64/crt1.o /lib/../lib64/crti.o /ccc/products2/gcc-9.3.0/Atos_7__x86_64/system/default/bin/../lib/gcc/x86_64-pc-linux-gnu/9.3.0/crtbegin.o -L/ccc/products2/gcc-9.3.0/Atos_7__x86_64/system/default/bin/../lib/gcc/x86_64-pc-linux-gnu/9.3.0 -L/ccc/products2/gcc-9.3.0/Atos_7__x86_64/system/default/bin/../lib/gcc -L/ccc/products/gcc-9.3.0/system/default/lib64/../lib64 -L/ccc/products2/gcc-9.3.0/Atos_7__x86_64/system/default/bin/../lib/gcc/x86_64-pc-linux-gnu/9.3.0/../../../../lib64 -L/lib/../lib64 -L/usr/lib/../lib64 -L/ccc/products/gcc-9.3.0/system/default/lib64 -L/ccc/products2/gcc-9.3.0/Atos_7__x86_64/system/default/bin/../lib/gcc/x86_64-pc-linux-gnu/9.3.0/../../.. CMakeFiles/cmTC_45ed6.dir/CMakeCCompilerABI.c.o -lgcc --as-needed -lgcc_s --no-as-needed -lc -lgcc --as-needed -lgcc_s --no-as-needed /ccc/products2/gcc-9.3.0/Atos_7__x86_64/system/default/bin/../lib/gcc/x86_64-pc-linux-gnu/9.3.0/crtend.o /lib/../lib64/crtn.o
COLLECT_GCC_OPTIONS='-v' '-o' 'cmTC_45ed6' '-mtune=generic' '-march=x86-64'
gmake[1]: Leaving directory `/ccc/work/cont003/mds/guerouda/deisa_v3/DEISA_PHD_FIN/E2/P32_W16_D256_D2022-12-12_14:50:48/CMakeFiles/CMakeTmp'


Parsed C implicit link information from above output:
  link line regex: [^( *|.*[/\])(ld|CMAKE_LINK_STARTFILE-NOTFOUND|([^/\]+-)?ld|collect2)[^/\]*( |$)]
  ignore line: [Change Dir: /ccc/work/cont003/mds/guerouda/deisa_v3/DEISA_PHD_FIN/E2/P32_W16_D256_D2022-12-12_14:50:48/CMakeFiles/CMakeTmp]
  ignore line: []
  ignore line: [Run Build Command:"/usr/bin/gmake" "cmTC_45ed6/fast"]
  ignore line: [/usr/bin/gmake -f CMakeFiles/cmTC_45ed6.dir/build.make CMakeFiles/cmTC_45ed6.dir/build]
  ignore line: [gmake[1]: Entering directory `/ccc/work/cont003/mds/guerouda/deisa_v3/DEISA_PHD_FIN/E2/P32_W16_D256_D2022-12-12_14:50:48/CMakeFiles/CMakeTmp']
  ignore line: [Building C object CMakeFiles/cmTC_45ed6.dir/CMakeCCompilerABI.c.o]
  ignore line: [/ccc/products/gcc-9.3.0/system/default/bin/gcc    -o CMakeFiles/cmTC_45ed6.dir/CMakeCCompilerABI.c.o   -c /ccc/products2/cmake-3.13.3/Atos_7__x86_64/system/default/share/cmake-3.13/Modules/CMakeCCompilerABI.c]
  ignore line: [Linking C executable cmTC_45ed6]
  ignore line: [/ccc/products2/cmake-3.13.3/Atos_7__x86_64/system/default/bin/cmake -E cmake_link_script CMakeFiles/cmTC_45ed6.dir/link.txt --verbose=1]
  ignore line: [/ccc/products/gcc-9.3.0/system/default/bin/gcc     -v CMakeFiles/cmTC_45ed6.dir/CMakeCCompilerABI.c.o  -o cmTC_45ed6 ]
  ignore line: [Using built-in specs.]
  ignore line: [COLLECT_GCC=/ccc/products/gcc-9.3.0/system/default/bin/gcc]
  ignore line: [COLLECT_LTO_WRAPPER=/ccc/products2/gcc-9.3.0/Atos_7__x86_64/system/default/bin/../libexec/gcc/x86_64-pc-linux-gnu/9.3.0/lto-wrapper]
  ignore line: [Target: x86_64-pc-linux-gnu]
  ignore line: [Configured with: ../configure --enable-languages=c,c++,fortran --enable-lto --enable-checking=release --disable-multilib --enable-shared=yes --enable-static=yes --enable-threads=posix --enable-gold=default --enable-plugins --enable-ld --with-plugin-ld=ld.gold --enable-bootstrap --prefix=/ccc/products/ccc_users_env/compil/Atos_7__x86_64/gcc-9.3.0/system/default --with-local-prefix=/ccc/products/ccc_users_env/compil/Atos_7__x86_64/gcc-9.3.0/system/default]
  ignore line: [Thread model: posix]
  ignore line: [gcc version 9.3.0 (GCC) ]
  ignore line: [COMPILER_PATH=/ccc/products2/gcc-9.3.0/Atos_7__x86_64/system/default/bin/../libexec/gcc/x86_64-pc-linux-gnu/9.3.0/:/ccc/products2/gcc-9.3.0/Atos_7__x86_64/system/default/bin/../libexec/gcc/]
  ignore line: [LIBRARY_PATH=/ccc/products2/gcc-9.3.0/Atos_7__x86_64/system/default/bin/../lib/gcc/x86_64-pc-linux-gnu/9.3.0/:/ccc/products2/gcc-9.3.0/Atos_7__x86_64/system/default/bin/../lib/gcc/:/ccc/products/gcc-9.3.0/system/default/lib64/../lib64/:/ccc/products2/gcc-9.3.0/Atos_7__x86_64/system/default/bin/../lib/gcc/x86_64-pc-linux-gnu/9.3.0/../../../../lib64/:/lib/../lib64/:/usr/lib/../lib64/:/ccc/products/gcc-9.3.0/system/default/lib64/:/ccc/products2/gcc-9.3.0/Atos_7__x86_64/system/default/bin/../lib/gcc/x86_64-pc-linux-gnu/9.3.0/../../../:/lib/:/usr/lib/]
  ignore line: [COLLECT_GCC_OPTIONS='-v' '-o' 'cmTC_45ed6' '-mtune=generic' '-march=x86-64']
  link line: [ /ccc/products2/gcc-9.3.0/Atos_7__x86_64/system/default/bin/../libexec/gcc/x86_64-pc-linux-gnu/9.3.0/collect2 -plugin /ccc/products2/gcc-9.3.0/Atos_7__x86_64/system/default/bin/../libexec/gcc/x86_64-pc-linux-gnu/9.3.0/liblto_plugin.so -plugin-opt=/ccc/products2/gcc-9.3.0/Atos_7__x86_64/system/default/bin/../libexec/gcc/x86_64-pc-linux-gnu/9.3.0/lto-wrapper -plugin-opt=-fresolution=/tmp/ccNQjfn2.res -plugin-opt=-pass-through=-lgcc -plugin-opt=-pass-through=-lgcc_s -plugin-opt=-pass-through=-lc -plugin-opt=-pass-through=-lgcc -plugin-opt=-pass-through=-lgcc_s --eh-frame-hdr -m elf_x86_64 -dynamic-linker /lib64/ld-linux-x86-64.so.2 -o cmTC_45ed6 /lib/../lib64/crt1.o /lib/../lib64/crti.o /ccc/products2/gcc-9.3.0/Atos_7__x86_64/system/default/bin/../lib/gcc/x86_64-pc-linux-gnu/9.3.0/crtbegin.o -L/ccc/products2/gcc-9.3.0/Atos_7__x86_64/system/default/bin/../lib/gcc/x86_64-pc-linux-gnu/9.3.0 -L/ccc/products2/gcc-9.3.0/Atos_7__x86_64/system/default/bin/../lib/gcc -L/ccc/products/gcc-9.3.0/system/default/lib64/../lib64 -L/ccc/products2/gcc-9.3.0/Atos_7__x86_64/system/default/bin/../lib/gcc/x86_64-pc-linux-gnu/9.3.0/../../../../lib64 -L/lib/../lib64 -L/usr/lib/../lib64 -L/ccc/products/gcc-9.3.0/system/default/lib64 -L/ccc/products2/gcc-9.3.0/Atos_7__x86_64/system/default/bin/../lib/gcc/x86_64-pc-linux-gnu/9.3.0/../../.. CMakeFiles/cmTC_45ed6.dir/CMakeCCompilerABI.c.o -lgcc --as-needed -lgcc_s --no-as-needed -lc -lgcc --as-needed -lgcc_s --no-as-needed /ccc/products2/gcc-9.3.0/Atos_7__x86_64/system/default/bin/../lib/gcc/x86_64-pc-linux-gnu/9.3.0/crtend.o /lib/../lib64/crtn.o]
    arg [/ccc/products2/gcc-9.3.0/Atos_7__x86_64/system/default/bin/../libexec/gcc/x86_64-pc-linux-gnu/9.3.0/collect2] ==> ignore
    arg [-plugin] ==> ignore
    arg [/ccc/products2/gcc-9.3.0/Atos_7__x86_64/system/default/bin/../libexec/gcc/x86_64-pc-linux-gnu/9.3.0/liblto_plugin.so] ==> ignore
    arg [-plugin-opt=/ccc/products2/gcc-9.3.0/Atos_7__x86_64/system/default/bin/../libexec/gcc/x86_64-pc-linux-gnu/9.3.0/lto-wrapper] ==> ignore
    arg [-plugin-opt=-fresolution=/tmp/ccNQjfn2.res] ==> ignore
    arg [-plugin-opt=-pass-through=-lgcc] ==> ignore
    arg [-plugin-opt=-pass-through=-lgcc_s] ==> ignore
    arg [-plugin-opt=-pass-through=-lc] ==> ignore
    arg [-plugin-opt=-pass-through=-lgcc] ==> ignore
    arg [-plugin-opt=-pass-through=-lgcc_s] ==> ignore
    arg [--eh-frame-hdr] ==> ignore
    arg [-m] ==> ignore
    arg [elf_x86_64] ==> ignore
    arg [-dynamic-linker] ==> ignore
    arg [/lib64/ld-linux-x86-64.so.2] ==> ignore
    arg [-o] ==> ignore
    arg [cmTC_45ed6] ==> ignore
    arg [/lib/../lib64/crt1.o] ==> ignore
    arg [/lib/../lib64/crti.o] ==> ignore
    arg [/ccc/products2/gcc-9.3.0/Atos_7__x86_64/system/default/bin/../lib/gcc/x86_64-pc-linux-gnu/9.3.0/crtbegin.o] ==> ignore
    arg [-L/ccc/products2/gcc-9.3.0/Atos_7__x86_64/system/default/bin/../lib/gcc/x86_64-pc-linux-gnu/9.3.0] ==> dir [/ccc/products2/gcc-9.3.0/Atos_7__x86_64/system/default/bin/../lib/gcc/x86_64-pc-linux-gnu/9.3.0]
    arg [-L/ccc/products2/gcc-9.3.0/Atos_7__x86_64/system/default/bin/../lib/gcc] ==> dir [/ccc/products2/gcc-9.3.0/Atos_7__x86_64/system/default/bin/../lib/gcc]
    arg [-L/ccc/products/gcc-9.3.0/system/default/lib64/../lib64] ==> dir [/ccc/products/gcc-9.3.0/system/default/lib64/../lib64]
    arg [-L/ccc/products2/gcc-9.3.0/Atos_7__x86_64/system/default/bin/../lib/gcc/x86_64-pc-linux-gnu/9.3.0/../../../../lib64] ==> dir [/ccc/products2/gcc-9.3.0/Atos_7__x86_64/system/default/bin/../lib/gcc/x86_64-pc-linux-gnu/9.3.0/../../../../lib64]
    arg [-L/lib/../lib64] ==> dir [/lib/../lib64]
    arg [-L/usr/lib/../lib64] ==> dir [/usr/lib/../lib64]
    arg [-L/ccc/products/gcc-9.3.0/system/default/lib64] ==> dir [/ccc/products/gcc-9.3.0/system/default/lib64]
    arg [-L/ccc/products2/gcc-9.3.0/Atos_7__x86_64/system/default/bin/../lib/gcc/x86_64-pc-linux-gnu/9.3.0/../../..] ==> dir [/ccc/products2/gcc-9.3.0/Atos_7__x86_64/system/default/bin/../lib/gcc/x86_64-pc-linux-gnu/9.3.0/../../..]
    arg [CMakeFiles/cmTC_45ed6.dir/CMakeCCompilerABI.c.o] ==> ignore
    arg [-lgcc] ==> lib [gcc]
    arg [--as-needed] ==> ignore
    arg [-lgcc_s] ==> lib [gcc_s]
    arg [--no-as-needed] ==> ignore
    arg [-lc] ==> lib [c]
    arg [-lgcc] ==> lib [gcc]
    arg [--as-needed] ==> ignore
    arg [-lgcc_s] ==> lib [gcc_s]
    arg [--no-as-needed] ==> ignore
    arg [/ccc/products2/gcc-9.3.0/Atos_7__x86_64/system/default/bin/../lib/gcc/x86_64-pc-linux-gnu/9.3.0/crtend.o] ==> ignore
    arg [/lib/../lib64/crtn.o] ==> ignore
  collapse library dir [/ccc/products2/gcc-9.3.0/Atos_7__x86_64/system/default/bin/../lib/gcc/x86_64-pc-linux-gnu/9.3.0] ==> [/ccc/products2/gcc-9.3.0/Atos_7__x86_64/system/default/lib/gcc/x86_64-pc-linux-gnu/9.3.0]
  collapse library dir [/ccc/products2/gcc-9.3.0/Atos_7__x86_64/system/default/bin/../lib/gcc] ==> [/ccc/products2/gcc-9.3.0/Atos_7__x86_64/system/default/lib/gcc]
  collapse library dir [/ccc/products/gcc-9.3.0/system/default/lib64/../lib64] ==> [/ccc/products/gcc-9.3.0/system/default/lib64]
  collapse library dir [/ccc/products2/gcc-9.3.0/Atos_7__x86_64/system/default/bin/../lib/gcc/x86_64-pc-linux-gnu/9.3.0/../../../../lib64] ==> [/ccc/products2/gcc-9.3.0/Atos_7__x86_64/system/default/lib64]
  collapse library dir [/lib/../lib64] ==> [/lib64]
  collapse library dir [/usr/lib/../lib64] ==> [/usr/lib64]
  collapse library dir [/ccc/products/gcc-9.3.0/system/default/lib64] ==> [/ccc/products/gcc-9.3.0/system/default/lib64]
  collapse library dir [/ccc/products2/gcc-9.3.0/Atos_7__x86_64/system/default/bin/../lib/gcc/x86_64-pc-linux-gnu/9.3.0/../../..] ==> [/ccc/products2/gcc-9.3.0/Atos_7__x86_64/system/default/lib]
  implicit libs: [gcc;gcc_s;c;gcc;gcc_s]
  implicit dirs: [/ccc/products2/gcc-9.3.0/Atos_7__x86_64/system/default/lib/gcc/x86_64-pc-linux-gnu/9.3.0;/ccc/products2/gcc-9.3.0/Atos_7__x86_64/system/default/lib/gcc;/ccc/products/gcc-9.3.0/system/default/lib64;/ccc/products2/gcc-9.3.0/Atos_7__x86_64/system/default/lib64;/lib64;/usr/lib64;/ccc/products2/gcc-9.3.0/Atos_7__x86_64/system/default/lib]
  implicit fwks: []


Determining if the CXX compiler works passed with the following output:
Change Dir: /ccc/work/cont003/mds/guerouda/deisa_v3/DEISA_PHD_FIN/E2/P32_W16_D256_D2022-12-12_14:50:48/CMakeFiles/CMakeTmp

Run Build Command:"/usr/bin/gmake" "cmTC_46ce1/fast"
/usr/bin/gmake -f CMakeFiles/cmTC_46ce1.dir/build.make CMakeFiles/cmTC_46ce1.dir/build
gmake[1]: Entering directory `/ccc/work/cont003/mds/guerouda/deisa_v3/DEISA_PHD_FIN/E2/P32_W16_D256_D2022-12-12_14:50:48/CMakeFiles/CMakeTmp'
Building CXX object CMakeFiles/cmTC_46ce1.dir/testCXXCompiler.cxx.o
/ccc/products/gcc-9.3.0/system/default/bin/g++     -o CMakeFiles/cmTC_46ce1.dir/testCXXCompiler.cxx.o -c /ccc/work/cont003/mds/guerouda/deisa_v3/DEISA_PHD_FIN/E2/P32_W16_D256_D2022-12-12_14:50:48/CMakeFiles/CMakeTmp/testCXXCompiler.cxx
Linking CXX executable cmTC_46ce1
/ccc/products2/cmake-3.13.3/Atos_7__x86_64/system/default/bin/cmake -E cmake_link_script CMakeFiles/cmTC_46ce1.dir/link.txt --verbose=1
/ccc/products/gcc-9.3.0/system/default/bin/g++       CMakeFiles/cmTC_46ce1.dir/testCXXCompiler.cxx.o  -o cmTC_46ce1 
gmake[1]: Leaving directory `/ccc/work/cont003/mds/guerouda/deisa_v3/DEISA_PHD_FIN/E2/P32_W16_D256_D2022-12-12_14:50:48/CMakeFiles/CMakeTmp'


Detecting CXX compiler ABI info compiled with the following output:
Change Dir: /ccc/work/cont003/mds/guerouda/deisa_v3/DEISA_PHD_FIN/E2/P32_W16_D256_D2022-12-12_14:50:48/CMakeFiles/CMakeTmp

Run Build Command:"/usr/bin/gmake" "cmTC_851a0/fast"
/usr/bin/gmake -f CMakeFiles/cmTC_851a0.dir/build.make CMakeFiles/cmTC_851a0.dir/build
gmake[1]: Entering directory `/ccc/work/cont003/mds/guerouda/deisa_v3/DEISA_PHD_FIN/E2/P32_W16_D256_D2022-12-12_14:50:48/CMakeFiles/CMakeTmp'
Building CXX object CMakeFiles/cmTC_851a0.dir/CMakeCXXCompilerABI.cpp.o
/ccc/products/gcc-9.3.0/system/default/bin/g++     -o CMakeFiles/cmTC_851a0.dir/CMakeCXXCompilerABI.cpp.o -c /ccc/products2/cmake-3.13.3/Atos_7__x86_64/system/default/share/cmake-3.13/Modules/CMakeCXXCompilerABI.cpp
Linking CXX executable cmTC_851a0
/ccc/products2/cmake-3.13.3/Atos_7__x86_64/system/default/bin/cmake -E cmake_link_script CMakeFiles/cmTC_851a0.dir/link.txt --verbose=1
/ccc/products/gcc-9.3.0/system/default/bin/g++      -v CMakeFiles/cmTC_851a0.dir/CMakeCXXCompilerABI.cpp.o  -o cmTC_851a0 
Using built-in specs.
COLLECT_GCC=/ccc/products/gcc-9.3.0/system/default/bin/g++
COLLECT_LTO_WRAPPER=/ccc/products2/gcc-9.3.0/Atos_7__x86_64/system/default/bin/../libexec/gcc/x86_64-pc-linux-gnu/9.3.0/lto-wrapper
Target: x86_64-pc-linux-gnu
Configured with: ../configure --enable-languages=c,c++,fortran --enable-lto --enable-checking=release --disable-multilib --enable-shared=yes --enable-static=yes --enable-threads=posix --enable-gold=default --enable-plugins --enable-ld --with-plugin-ld=ld.gold --enable-bootstrap --prefix=/ccc/products/ccc_users_env/compil/Atos_7__x86_64/gcc-9.3.0/system/default --with-local-prefix=/ccc/products/ccc_users_env/compil/Atos_7__x86_64/gcc-9.3.0/system/default
Thread model: posix
gcc version 9.3.0 (GCC) 
COMPILER_PATH=/ccc/products2/gcc-9.3.0/Atos_7__x86_64/system/default/bin/../libexec/gcc/x86_64-pc-linux-gnu/9.3.0/:/ccc/products2/gcc-9.3.0/Atos_7__x86_64/system/default/bin/../libexec/gcc/
LIBRARY_PATH=/ccc/products2/gcc-9.3.0/Atos_7__x86_64/system/default/bin/../lib/gcc/x86_64-pc-linux-gnu/9.3.0/:/ccc/products2/gcc-9.3.0/Atos_7__x86_64/system/default/bin/../lib/gcc/:/ccc/products/gcc-9.3.0/system/default/lib64/../lib64/:/ccc/products2/gcc-9.3.0/Atos_7__x86_64/system/default/bin/../lib/gcc/x86_64-pc-linux-gnu/9.3.0/../../../../lib64/:/lib/../lib64/:/usr/lib/../lib64/:/ccc/products/gcc-9.3.0/system/default/lib64/:/ccc/products2/gcc-9.3.0/Atos_7__x86_64/system/default/bin/../lib/gcc/x86_64-pc-linux-gnu/9.3.0/../../../:/lib/:/usr/lib/
COLLECT_GCC_OPTIONS='-v' '-o' 'cmTC_851a0' '-shared-libgcc' '-mtune=generic' '-march=x86-64'
 /ccc/products2/gcc-9.3.0/Atos_7__x86_64/system/default/bin/../libexec/gcc/x86_64-pc-linux-gnu/9.3.0/collect2 -plugin /ccc/products2/gcc-9.3.0/Atos_7__x86_64/system/default/bin/../libexec/gcc/x86_64-pc-linux-gnu/9.3.0/liblto_plugin.so -plugin-opt=/ccc/products2/gcc-9.3.0/Atos_7__x86_64/system/default/bin/../libexec/gcc/x86_64-pc-linux-gnu/9.3.0/lto-wrapper -plugin-opt=-fresolution=/tmp/ccQmhwaD.res -plugin-opt=-pass-through=-lgcc_s -plugin-opt=-pass-through=-lgcc -plugin-opt=-pass-through=-lc -plugin-opt=-pass-through=-lgcc_s -plugin-opt=-pass-through=-lgcc --eh-frame-hdr -m elf_x86_64 -dynamic-linker /lib64/ld-linux-x86-64.so.2 -o cmTC_851a0 /lib/../lib64/crt1.o /lib/../lib64/crti.o /ccc/products2/gcc-9.3.0/Atos_7__x86_64/system/default/bin/../lib/gcc/x86_64-pc-linux-gnu/9.3.0/crtbegin.o -L/ccc/products2/gcc-9.3.0/Atos_7__x86_64/system/default/bin/../lib/gcc/x86_64-pc-linux-gnu/9.3.0 -L/ccc/products2/gcc-9.3.0/Atos_7__x86_64/system/default/bin/../lib/gcc -L/ccc/products/gcc-9.3.0/system/default/lib64/../lib64 -L/ccc/products2/gcc-9.3.0/Atos_7__x86_64/system/default/bin/../lib/gcc/x86_64-pc-linux-gnu/9.3.0/../../../../lib64 -L/lib/../lib64 -L/usr/lib/../lib64 -L/ccc/products/gcc-9.3.0/system/default/lib64 -L/ccc/products2/gcc-9.3.0/Atos_7__x86_64/system/default/bin/../lib/gcc/x86_64-pc-linux-gnu/9.3.0/../../.. CMakeFiles/cmTC_851a0.dir/CMakeCXXCompilerABI.cpp.o -lstdc++ -lm -lgcc_s -lgcc -lc -lgcc_s -lgcc /ccc/products2/gcc-9.3.0/Atos_7__x86_64/system/default/bin/../lib/gcc/x86_64-pc-linux-gnu/9.3.0/crtend.o /lib/../lib64/crtn.o
COLLECT_GCC_OPTIONS='-v' '-o' 'cmTC_851a0' '-shared-libgcc' '-mtune=generic' '-march=x86-64'
gmake[1]: Leaving directory `/ccc/work/cont003/mds/guerouda/deisa_v3/DEISA_PHD_FIN/E2/P32_W16_D256_D2022-12-12_14:50:48/CMakeFiles/CMakeTmp'


Parsed CXX implicit link information from above output:
  link line regex: [^( *|.*[/\])(ld|CMAKE_LINK_STARTFILE-NOTFOUND|([^/\]+-)?ld|collect2)[^/\]*( |$)]
  ignore line: [Change Dir: /ccc/work/cont003/mds/guerouda/deisa_v3/DEISA_PHD_FIN/E2/P32_W16_D256_D2022-12-12_14:50:48/CMakeFiles/CMakeTmp]
  ignore line: []
  ignore line: [Run Build Command:"/usr/bin/gmake" "cmTC_851a0/fast"]
  ignore line: [/usr/bin/gmake -f CMakeFiles/cmTC_851a0.dir/build.make CMakeFiles/cmTC_851a0.dir/build]
  ignore line: [gmake[1]: Entering directory `/ccc/work/cont003/mds/guerouda/deisa_v3/DEISA_PHD_FIN/E2/P32_W16_D256_D2022-12-12_14:50:48/CMakeFiles/CMakeTmp']
  ignore line: [Building CXX object CMakeFiles/cmTC_851a0.dir/CMakeCXXCompilerABI.cpp.o]
  ignore line: [/ccc/products/gcc-9.3.0/system/default/bin/g++     -o CMakeFiles/cmTC_851a0.dir/CMakeCXXCompilerABI.cpp.o -c /ccc/products2/cmake-3.13.3/Atos_7__x86_64/system/default/share/cmake-3.13/Modules/CMakeCXXCompilerABI.cpp]
  ignore line: [Linking CXX executable cmTC_851a0]
  ignore line: [/ccc/products2/cmake-3.13.3/Atos_7__x86_64/system/default/bin/cmake -E cmake_link_script CMakeFiles/cmTC_851a0.dir/link.txt --verbose=1]
  ignore line: [/ccc/products/gcc-9.3.0/system/default/bin/g++      -v CMakeFiles/cmTC_851a0.dir/CMakeCXXCompilerABI.cpp.o  -o cmTC_851a0 ]
  ignore line: [Using built-in specs.]
  ignore line: [COLLECT_GCC=/ccc/products/gcc-9.3.0/system/default/bin/g++]
  ignore line: [COLLECT_LTO_WRAPPER=/ccc/products2/gcc-9.3.0/Atos_7__x86_64/system/default/bin/../libexec/gcc/x86_64-pc-linux-gnu/9.3.0/lto-wrapper]
  ignore line: [Target: x86_64-pc-linux-gnu]
  ignore line: [Configured with: ../configure --enable-languages=c,c++,fortran --enable-lto --enable-checking=release --disable-multilib --enable-shared=yes --enable-static=yes --enable-threads=posix --enable-gold=default --enable-plugins --enable-ld --with-plugin-ld=ld.gold --enable-bootstrap --prefix=/ccc/products/ccc_users_env/compil/Atos_7__x86_64/gcc-9.3.0/system/default --with-local-prefix=/ccc/products/ccc_users_env/compil/Atos_7__x86_64/gcc-9.3.0/system/default]
  ignore line: [Thread model: posix]
  ignore line: [gcc version 9.3.0 (GCC) ]
  ignore line: [COMPILER_PATH=/ccc/products2/gcc-9.3.0/Atos_7__x86_64/system/default/bin/../libexec/gcc/x86_64-pc-linux-gnu/9.3.0/:/ccc/products2/gcc-9.3.0/Atos_7__x86_64/system/default/bin/../libexec/gcc/]
  ignore line: [LIBRARY_PATH=/ccc/products2/gcc-9.3.0/Atos_7__x86_64/system/default/bin/../lib/gcc/x86_64-pc-linux-gnu/9.3.0/:/ccc/products2/gcc-9.3.0/Atos_7__x86_64/system/default/bin/../lib/gcc/:/ccc/products/gcc-9.3.0/system/default/lib64/../lib64/:/ccc/products2/gcc-9.3.0/Atos_7__x86_64/system/default/bin/../lib/gcc/x86_64-pc-linux-gnu/9.3.0/../../../../lib64/:/lib/../lib64/:/usr/lib/../lib64/:/ccc/products/gcc-9.3.0/system/default/lib64/:/ccc/products2/gcc-9.3.0/Atos_7__x86_64/system/default/bin/../lib/gcc/x86_64-pc-linux-gnu/9.3.0/../../../:/lib/:/usr/lib/]
  ignore line: [COLLECT_GCC_OPTIONS='-v' '-o' 'cmTC_851a0' '-shared-libgcc' '-mtune=generic' '-march=x86-64']
  link line: [ /ccc/products2/gcc-9.3.0/Atos_7__x86_64/system/default/bin/../libexec/gcc/x86_64-pc-linux-gnu/9.3.0/collect2 -plugin /ccc/products2/gcc-9.3.0/Atos_7__x86_64/system/default/bin/../libexec/gcc/x86_64-pc-linux-gnu/9.3.0/liblto_plugin.so -plugin-opt=/ccc/products2/gcc-9.3.0/Atos_7__x86_64/system/default/bin/../libexec/gcc/x86_64-pc-linux-gnu/9.3.0/lto-wrapper -plugin-opt=-fresolution=/tmp/ccQmhwaD.res -plugin-opt=-pass-through=-lgcc_s -plugin-opt=-pass-through=-lgcc -plugin-opt=-pass-through=-lc -plugin-opt=-pass-through=-lgcc_s -plugin-opt=-pass-through=-lgcc --eh-frame-hdr -m elf_x86_64 -dynamic-linker /lib64/ld-linux-x86-64.so.2 -o cmTC_851a0 /lib/../lib64/crt1.o /lib/../lib64/crti.o /ccc/products2/gcc-9.3.0/Atos_7__x86_64/system/default/bin/../lib/gcc/x86_64-pc-linux-gnu/9.3.0/crtbegin.o -L/ccc/products2/gcc-9.3.0/Atos_7__x86_64/system/default/bin/../lib/gcc/x86_64-pc-linux-gnu/9.3.0 -L/ccc/products2/gcc-9.3.0/Atos_7__x86_64/system/default/bin/../lib/gcc -L/ccc/products/gcc-9.3.0/system/default/lib64/../lib64 -L/ccc/products2/gcc-9.3.0/Atos_7__x86_64/system/default/bin/../lib/gcc/x86_64-pc-linux-gnu/9.3.0/../../../../lib64 -L/lib/../lib64 -L/usr/lib/../lib64 -L/ccc/products/gcc-9.3.0/system/default/lib64 -L/ccc/products2/gcc-9.3.0/Atos_7__x86_64/system/default/bin/../lib/gcc/x86_64-pc-linux-gnu/9.3.0/../../.. CMakeFiles/cmTC_851a0.dir/CMakeCXXCompilerABI.cpp.o -lstdc++ -lm -lgcc_s -lgcc -lc -lgcc_s -lgcc /ccc/products2/gcc-9.3.0/Atos_7__x86_64/system/default/bin/../lib/gcc/x86_64-pc-linux-gnu/9.3.0/crtend.o /lib/../lib64/crtn.o]
    arg [/ccc/products2/gcc-9.3.0/Atos_7__x86_64/system/default/bin/../libexec/gcc/x86_64-pc-linux-gnu/9.3.0/collect2] ==> ignore
    arg [-plugin] ==> ignore
    arg [/ccc/products2/gcc-9.3.0/Atos_7__x86_64/system/default/bin/../libexec/gcc/x86_64-pc-linux-gnu/9.3.0/liblto_plugin.so] ==> ignore
    arg [-plugin-opt=/ccc/products2/gcc-9.3.0/Atos_7__x86_64/system/default/bin/../libexec/gcc/x86_64-pc-linux-gnu/9.3.0/lto-wrapper] ==> ignore
    arg [-plugin-opt=-fresolution=/tmp/ccQmhwaD.res] ==> ignore
    arg [-plugin-opt=-pass-through=-lgcc_s] ==> ignore
    arg [-plugin-opt=-pass-through=-lgcc] ==> ignore
    arg [-plugin-opt=-pass-through=-lc] ==> ignore
    arg [-plugin-opt=-pass-through=-lgcc_s] ==> ignore
    arg [-plugin-opt=-pass-through=-lgcc] ==> ignore
    arg [--eh-frame-hdr] ==> ignore
    arg [-m] ==> ignore
    arg [elf_x86_64] ==> ignore
    arg [-dynamic-linker] ==> ignore
    arg [/lib64/ld-linux-x86-64.so.2] ==> ignore
    arg [-o] ==> ignore
    arg [cmTC_851a0] ==> ignore
    arg [/lib/../lib64/crt1.o] ==> ignore
    arg [/lib/../lib64/crti.o] ==> ignore
    arg [/ccc/products2/gcc-9.3.0/Atos_7__x86_64/system/default/bin/../lib/gcc/x86_64-pc-linux-gnu/9.3.0/crtbegin.o] ==> ignore
    arg [-L/ccc/products2/gcc-9.3.0/Atos_7__x86_64/system/default/bin/../lib/gcc/x86_64-pc-linux-gnu/9.3.0] ==> dir [/ccc/products2/gcc-9.3.0/Atos_7__x86_64/system/default/bin/../lib/gcc/x86_64-pc-linux-gnu/9.3.0]
    arg [-L/ccc/products2/gcc-9.3.0/Atos_7__x86_64/system/default/bin/../lib/gcc] ==> dir [/ccc/products2/gcc-9.3.0/Atos_7__x86_64/system/default/bin/../lib/gcc]
    arg [-L/ccc/products/gcc-9.3.0/system/default/lib64/../lib64] ==> dir [/ccc/products/gcc-9.3.0/system/default/lib64/../lib64]
    arg [-L/ccc/products2/gcc-9.3.0/Atos_7__x86_64/system/default/bin/../lib/gcc/x86_64-pc-linux-gnu/9.3.0/../../../../lib64] ==> dir [/ccc/products2/gcc-9.3.0/Atos_7__x86_64/system/default/bin/../lib/gcc/x86_64-pc-linux-gnu/9.3.0/../../../../lib64]
    arg [-L/lib/../lib64] ==> dir [/lib/../lib64]
    arg [-L/usr/lib/../lib64] ==> dir [/usr/lib/../lib64]
    arg [-L/ccc/products/gcc-9.3.0/system/default/lib64] ==> dir [/ccc/products/gcc-9.3.0/system/default/lib64]
    arg [-L/ccc/products2/gcc-9.3.0/Atos_7__x86_64/system/default/bin/../lib/gcc/x86_64-pc-linux-gnu/9.3.0/../../..] ==> dir [/ccc/products2/gcc-9.3.0/Atos_7__x86_64/system/default/bin/../lib/gcc/x86_64-pc-linux-gnu/9.3.0/../../..]
    arg [CMakeFiles/cmTC_851a0.dir/CMakeCXXCompilerABI.cpp.o] ==> ignore
    arg [-lstdc++] ==> lib [stdc++]
    arg [-lm] ==> lib [m]
    arg [-lgcc_s] ==> lib [gcc_s]
    arg [-lgcc] ==> lib [gcc]
    arg [-lc] ==> lib [c]
    arg [-lgcc_s] ==> lib [gcc_s]
    arg [-lgcc] ==> lib [gcc]
    arg [/ccc/products2/gcc-9.3.0/Atos_7__x86_64/system/default/bin/../lib/gcc/x86_64-pc-linux-gnu/9.3.0/crtend.o] ==> ignore
    arg [/lib/../lib64/crtn.o] ==> ignore
  collapse library dir [/ccc/products2/gcc-9.3.0/Atos_7__x86_64/system/default/bin/../lib/gcc/x86_64-pc-linux-gnu/9.3.0] ==> [/ccc/products2/gcc-9.3.0/Atos_7__x86_64/system/default/lib/gcc/x86_64-pc-linux-gnu/9.3.0]
  collapse library dir [/ccc/products2/gcc-9.3.0/Atos_7__x86_64/system/default/bin/../lib/gcc] ==> [/ccc/products2/gcc-9.3.0/Atos_7__x86_64/system/default/lib/gcc]
  collapse library dir [/ccc/products/gcc-9.3.0/system/default/lib64/../lib64] ==> [/ccc/products/gcc-9.3.0/system/default/lib64]
  collapse library dir [/ccc/products2/gcc-9.3.0/Atos_7__x86_64/system/default/bin/../lib/gcc/x86_64-pc-linux-gnu/9.3.0/../../../../lib64] ==> [/ccc/products2/gcc-9.3.0/Atos_7__x86_64/system/default/lib64]
  collapse library dir [/lib/../lib64] ==> [/lib64]
  collapse library dir [/usr/lib/../lib64] ==> [/usr/lib64]
  collapse library dir [/ccc/products/gcc-9.3.0/system/default/lib64] ==> [/ccc/products/gcc-9.3.0/system/default/lib64]
  collapse library dir [/ccc/products2/gcc-9.3.0/Atos_7__x86_64/system/default/bin/../lib/gcc/x86_64-pc-linux-gnu/9.3.0/../../..] ==> [/ccc/products2/gcc-9.3.0/Atos_7__x86_64/system/default/lib]
  implicit libs: [stdc++;m;gcc_s;gcc;c;gcc_s;gcc]
  implicit dirs: [/ccc/products2/gcc-9.3.0/Atos_7__x86_64/system/default/lib/gcc/x86_64-pc-linux-gnu/9.3.0;/ccc/products2/gcc-9.3.0/Atos_7__x86_64/system/default/lib/gcc;/ccc/products/gcc-9.3.0/system/default/lib64;/ccc/products2/gcc-9.3.0/Atos_7__x86_64/system/default/lib64;/lib64;/usr/lib64;/ccc/products2/gcc-9.3.0/Atos_7__x86_64/system/default/lib]
  implicit fwks: []


Determining if the include file pthread.h exists passed with the following output:
Change Dir: /ccc/work/cont003/mds/guerouda/deisa_v3/DEISA_PHD_FIN/E2/P32_W16_D256_D2022-12-12_14:50:48/CMakeFiles/CMakeTmp

Run Build Command:"/usr/bin/gmake" "cmTC_d45bd/fast"
/usr/bin/gmake -f CMakeFiles/cmTC_d45bd.dir/build.make CMakeFiles/cmTC_d45bd.dir/build
gmake[1]: Entering directory `/ccc/work/cont003/mds/guerouda/deisa_v3/DEISA_PHD_FIN/E2/P32_W16_D256_D2022-12-12_14:50:48/CMakeFiles/CMakeTmp'
Building C object CMakeFiles/cmTC_d45bd.dir/CheckIncludeFile.c.o
/ccc/products/gcc-9.3.0/system/default/bin/gcc    -o CMakeFiles/cmTC_d45bd.dir/CheckIncludeFile.c.o   -c /ccc/work/cont003/mds/guerouda/deisa_v3/DEISA_PHD_FIN/E2/P32_W16_D256_D2022-12-12_14:50:48/CMakeFiles/CMakeTmp/CheckIncludeFile.c
Linking C executable cmTC_d45bd
/ccc/products2/cmake-3.13.3/Atos_7__x86_64/system/default/bin/cmake -E cmake_link_script CMakeFiles/cmTC_d45bd.dir/link.txt --verbose=1
/ccc/products/gcc-9.3.0/system/default/bin/gcc      CMakeFiles/cmTC_d45bd.dir/CheckIncludeFile.c.o  -o cmTC_d45bd 
gmake[1]: Leaving directory `/ccc/work/cont003/mds/guerouda/deisa_v3/DEISA_PHD_FIN/E2/P32_W16_D256_D2022-12-12_14:50:48/CMakeFiles/CMakeTmp'


Determining if the function pthread_create exists in the pthread passed with the following output:
Change Dir: /ccc/work/cont003/mds/guerouda/deisa_v3/DEISA_PHD_FIN/E2/P32_W16_D256_D2022-12-12_14:50:48/CMakeFiles/CMakeTmp

Run Build Command:"/usr/bin/gmake" "cmTC_51f16/fast"
/usr/bin/gmake -f CMakeFiles/cmTC_51f16.dir/build.make CMakeFiles/cmTC_51f16.dir/build
gmake[1]: Entering directory `/ccc/work/cont003/mds/guerouda/deisa_v3/DEISA_PHD_FIN/E2/P32_W16_D256_D2022-12-12_14:50:48/CMakeFiles/CMakeTmp'
Building C object CMakeFiles/cmTC_51f16.dir/CheckFunctionExists.c.o
/ccc/products/gcc-9.3.0/system/default/bin/gcc   -DCHECK_FUNCTION_EXISTS=pthread_create   -o CMakeFiles/cmTC_51f16.dir/CheckFunctionExists.c.o   -c /ccc/products2/cmake-3.13.3/Atos_7__x86_64/system/default/share/cmake-3.13/Modules/CheckFunctionExists.c
Linking C executable cmTC_51f16
/ccc/products2/cmake-3.13.3/Atos_7__x86_64/system/default/bin/cmake -E cmake_link_script CMakeFiles/cmTC_51f16.dir/link.txt --verbose=1
/ccc/products/gcc-9.3.0/system/default/bin/gcc  -DCHECK_FUNCTION_EXISTS=pthread_create    CMakeFiles/cmTC_51f16.dir/CheckFunctionExists.c.o  -o cmTC_51f16 -lpthread 
gmake[1]: Leaving directory `/ccc/work/cont003/mds/guerouda/deisa_v3/DEISA_PHD_FIN/E2/P32_W16_D256_D2022-12-12_14:50:48/CMakeFiles/CMakeTmp'


