Detecting C [-std=c11] compiler features failed to compile with the following output:
Change Dir: /ccc/work/cont003/mds/guerouda/deisa_v3/DEISA_PHD_IPCA_FIN/E2/P256_W128_D128_D2022-12-13_13:51:48/CMakeFiles/CMakeTmp

Run Build Command:"/usr/bin/gmake" "cmTC_14a0c/fast"
/usr/bin/gmake -f CMakeFiles/cmTC_14a0c.dir/build.make CMakeFiles/cmTC_14a0c.dir/build
gmake[1]: Entering directory `/ccc/work/cont003/mds/guerouda/deisa_v3/DEISA_PHD_IPCA_FIN/E2/P256_W128_D128_D2022-12-13_13:51:48/CMakeFiles/CMakeTmp'
CMakeFiles/cmTC_14a0c.dir/build.make:64: *** target pattern contains no `%'.  Stop.
gmake[1]: Leaving directory `/ccc/work/cont003/mds/guerouda/deisa_v3/DEISA_PHD_IPCA_FIN/E2/P256_W128_D128_D2022-12-13_13:51:48/CMakeFiles/CMakeTmp'
gmake: *** [cmTC_14a0c/fast] Error 2



Detecting CXX [-std=c++2a] compiler features failed to compile with the following output:
Change Dir: /ccc/work/cont003/mds/guerouda/deisa_v3/DEISA_PHD_IPCA_FIN/E2/P256_W128_D128_D2022-12-13_13:51:48/CMakeFiles/CMakeTmp

Run Build Command:"/usr/bin/gmake" "cmTC_7f78c/fast"
/usr/bin/gmake -f CMakeFiles/cmTC_7f78c.dir/build.make CMakeFiles/cmTC_7f78c.dir/build
gmake[1]: Entering directory `/ccc/work/cont003/mds/guerouda/deisa_v3/DEISA_PHD_IPCA_FIN/E2/P256_W128_D128_D2022-12-13_13:51:48/CMakeFiles/CMakeTmp'
CMakeFiles/cmTC_7f78c.dir/build.make:64: *** target pattern contains no `%'.  Stop.
gmake[1]: Leaving directory `/ccc/work/cont003/mds/guerouda/deisa_v3/DEISA_PHD_IPCA_FIN/E2/P256_W128_D128_D2022-12-13_13:51:48/CMakeFiles/CMakeTmp'
gmake: *** [cmTC_7f78c/fast] Error 2



Determining if the pthread_create exist failed with the following output:
Change Dir: /ccc/work/cont003/mds/guerouda/deisa_v3/DEISA_PHD_IPCA_FIN/E2/P256_W128_D128_D2022-12-13_13:51:48/CMakeFiles/CMakeTmp

Run Build Command:"/usr/bin/gmake" "cmTC_5bcdd/fast"
/usr/bin/gmake -f CMakeFiles/cmTC_5bcdd.dir/build.make CMakeFiles/cmTC_5bcdd.dir/build
gmake[1]: Entering directory `/ccc/work/cont003/mds/guerouda/deisa_v3/DEISA_PHD_IPCA_FIN/E2/P256_W128_D128_D2022-12-13_13:51:48/CMakeFiles/CMakeTmp'
Building C object CMakeFiles/cmTC_5bcdd.dir/CheckSymbolExists.c.o
/ccc/products/gcc-9.3.0/system/default/bin/gcc    -o CMakeFiles/cmTC_5bcdd.dir/CheckSymbolExists.c.o   -c /ccc/work/cont003/mds/guerouda/deisa_v3/DEISA_PHD_IPCA_FIN/E2/P256_W128_D128_D2022-12-13_13:51:48/CMakeFiles/CMakeTmp/CheckSymbolExists.c
Linking C executable cmTC_5bcdd
/ccc/products2/cmake-3.13.3/Atos_7__x86_64/system/default/bin/cmake -E cmake_link_script CMakeFiles/cmTC_5bcdd.dir/link.txt --verbose=1
/ccc/products/gcc-9.3.0/system/default/bin/gcc      CMakeFiles/cmTC_5bcdd.dir/CheckSymbolExists.c.o  -o cmTC_5bcdd 
CMakeFiles/cmTC_5bcdd.dir/CheckSymbolExists.c.o:CheckSymbolExists.c:function main: error: undefined reference to 'pthread_create'
collect2: error: ld returned 1 exit status
gmake[1]: *** [cmTC_5bcdd] Error 1
gmake[1]: Leaving directory `/ccc/work/cont003/mds/guerouda/deisa_v3/DEISA_PHD_IPCA_FIN/E2/P256_W128_D128_D2022-12-13_13:51:48/CMakeFiles/CMakeTmp'
gmake: *** [cmTC_5bcdd/fast] Error 2

File /ccc/work/cont003/mds/guerouda/deisa_v3/DEISA_PHD_IPCA_FIN/E2/P256_W128_D128_D2022-12-13_13:51:48/CMakeFiles/CMakeTmp/CheckSymbolExists.c:
/* */
#include <pthread.h>

int main(int argc, char** argv)
{
  (void)argv;
#ifndef pthread_create
  return ((int*)(&pthread_create))[argc];
#else
  (void)argc;
  return 0;
#endif
}

Determining if the function pthread_create exists in the pthreads failed with the following output:
Change Dir: /ccc/work/cont003/mds/guerouda/deisa_v3/DEISA_PHD_IPCA_FIN/E2/P256_W128_D128_D2022-12-13_13:51:48/CMakeFiles/CMakeTmp

Run Build Command:"/usr/bin/gmake" "cmTC_4e9ea/fast"
/usr/bin/gmake -f CMakeFiles/cmTC_4e9ea.dir/build.make CMakeFiles/cmTC_4e9ea.dir/build
gmake[1]: Entering directory `/ccc/work/cont003/mds/guerouda/deisa_v3/DEISA_PHD_IPCA_FIN/E2/P256_W128_D128_D2022-12-13_13:51:48/CMakeFiles/CMakeTmp'
Building C object CMakeFiles/cmTC_4e9ea.dir/CheckFunctionExists.c.o
/ccc/products/gcc-9.3.0/system/default/bin/gcc   -DCHECK_FUNCTION_EXISTS=pthread_create   -o CMakeFiles/cmTC_4e9ea.dir/CheckFunctionExists.c.o   -c /ccc/products2/cmake-3.13.3/Atos_7__x86_64/system/default/share/cmake-3.13/Modules/CheckFunctionExists.c
Linking C executable cmTC_4e9ea
/ccc/products2/cmake-3.13.3/Atos_7__x86_64/system/default/bin/cmake -E cmake_link_script CMakeFiles/cmTC_4e9ea.dir/link.txt --verbose=1
/ccc/products/gcc-9.3.0/system/default/bin/gcc  -DCHECK_FUNCTION_EXISTS=pthread_create    CMakeFiles/cmTC_4e9ea.dir/CheckFunctionExists.c.o  -o cmTC_4e9ea -lpthreads 
/ccc/work/cont003/gen2224/gen2224/spack/var/spack/environments/gysela-deisa-irene-skl-draft/.spack-env/view/bin/ld.gold: error: cannot find -lpthreads
CMakeFiles/cmTC_4e9ea.dir/CheckFunctionExists.c.o:CheckFunctionExists.c:function main: error: undefined reference to 'pthread_create'
collect2: error: ld returned 1 exit status
gmake[1]: *** [cmTC_4e9ea] Error 1
gmake[1]: Leaving directory `/ccc/work/cont003/mds/guerouda/deisa_v3/DEISA_PHD_IPCA_FIN/E2/P256_W128_D128_D2022-12-13_13:51:48/CMakeFiles/CMakeTmp'
gmake: *** [cmTC_4e9ea/fast] Error 2


