Detecting C [-std=c11] compiler features failed to compile with the following output:
Change Dir: /ccc/work/cont003/mds/guerouda/deisa_v1/DEISA1_PHD_IPCA/E1P16_W8_D512_D2022-12-13_12:10:59/CMakeFiles/CMakeTmp

Run Build Command:"/usr/bin/gmake" "cmTC_c6a23/fast"
/usr/bin/gmake -f CMakeFiles/cmTC_c6a23.dir/build.make CMakeFiles/cmTC_c6a23.dir/build
gmake[1]: Entering directory `/ccc/work/cont003/mds/guerouda/deisa_v1/DEISA1_PHD_IPCA/E1P16_W8_D512_D2022-12-13_12:10:59/CMakeFiles/CMakeTmp'
CMakeFiles/cmTC_c6a23.dir/build.make:64: *** target pattern contains no `%'.  Stop.
gmake[1]: Leaving directory `/ccc/work/cont003/mds/guerouda/deisa_v1/DEISA1_PHD_IPCA/E1P16_W8_D512_D2022-12-13_12:10:59/CMakeFiles/CMakeTmp'
gmake: *** [cmTC_c6a23/fast] Error 2



Detecting CXX [-std=c++2a] compiler features failed to compile with the following output:
Change Dir: /ccc/work/cont003/mds/guerouda/deisa_v1/DEISA1_PHD_IPCA/E1P16_W8_D512_D2022-12-13_12:10:59/CMakeFiles/CMakeTmp

Run Build Command:"/usr/bin/gmake" "cmTC_4dc7e/fast"
/usr/bin/gmake -f CMakeFiles/cmTC_4dc7e.dir/build.make CMakeFiles/cmTC_4dc7e.dir/build
gmake[1]: Entering directory `/ccc/work/cont003/mds/guerouda/deisa_v1/DEISA1_PHD_IPCA/E1P16_W8_D512_D2022-12-13_12:10:59/CMakeFiles/CMakeTmp'
CMakeFiles/cmTC_4dc7e.dir/build.make:64: *** target pattern contains no `%'.  Stop.
gmake[1]: Leaving directory `/ccc/work/cont003/mds/guerouda/deisa_v1/DEISA1_PHD_IPCA/E1P16_W8_D512_D2022-12-13_12:10:59/CMakeFiles/CMakeTmp'
gmake: *** [cmTC_4dc7e/fast] Error 2



Determining if the pthread_create exist failed with the following output:
Change Dir: /ccc/work/cont003/mds/guerouda/deisa_v1/DEISA1_PHD_IPCA/E1P16_W8_D512_D2022-12-13_12:10:59/CMakeFiles/CMakeTmp

Run Build Command:"/usr/bin/gmake" "cmTC_4d5b2/fast"
/usr/bin/gmake -f CMakeFiles/cmTC_4d5b2.dir/build.make CMakeFiles/cmTC_4d5b2.dir/build
gmake[1]: Entering directory `/ccc/work/cont003/mds/guerouda/deisa_v1/DEISA1_PHD_IPCA/E1P16_W8_D512_D2022-12-13_12:10:59/CMakeFiles/CMakeTmp'
Building C object CMakeFiles/cmTC_4d5b2.dir/CheckSymbolExists.c.o
/ccc/products/gcc-9.3.0/system/default/bin/gcc    -o CMakeFiles/cmTC_4d5b2.dir/CheckSymbolExists.c.o   -c /ccc/work/cont003/mds/guerouda/deisa_v1/DEISA1_PHD_IPCA/E1P16_W8_D512_D2022-12-13_12:10:59/CMakeFiles/CMakeTmp/CheckSymbolExists.c
Linking C executable cmTC_4d5b2
/ccc/products2/cmake-3.13.3/Atos_7__x86_64/system/default/bin/cmake -E cmake_link_script CMakeFiles/cmTC_4d5b2.dir/link.txt --verbose=1
/ccc/products/gcc-9.3.0/system/default/bin/gcc      CMakeFiles/cmTC_4d5b2.dir/CheckSymbolExists.c.o  -o cmTC_4d5b2 
CMakeFiles/cmTC_4d5b2.dir/CheckSymbolExists.c.o:CheckSymbolExists.c:function main: error: undefined reference to 'pthread_create'
collect2: error: ld returned 1 exit status
gmake[1]: *** [cmTC_4d5b2] Error 1
gmake[1]: Leaving directory `/ccc/work/cont003/mds/guerouda/deisa_v1/DEISA1_PHD_IPCA/E1P16_W8_D512_D2022-12-13_12:10:59/CMakeFiles/CMakeTmp'
gmake: *** [cmTC_4d5b2/fast] Error 2

File /ccc/work/cont003/mds/guerouda/deisa_v1/DEISA1_PHD_IPCA/E1P16_W8_D512_D2022-12-13_12:10:59/CMakeFiles/CMakeTmp/CheckSymbolExists.c:
/* */
#include <pthread.h>

int main(int argc, char** argv)
{
  (void)argv;
#ifndef pthread_create
  return ((int*)(&pthread_create))[argc];
#else
  (void)argc;
  return 0;
#endif
}

Determining if the function pthread_create exists in the pthreads failed with the following output:
Change Dir: /ccc/work/cont003/mds/guerouda/deisa_v1/DEISA1_PHD_IPCA/E1P16_W8_D512_D2022-12-13_12:10:59/CMakeFiles/CMakeTmp

Run Build Command:"/usr/bin/gmake" "cmTC_865cd/fast"
/usr/bin/gmake -f CMakeFiles/cmTC_865cd.dir/build.make CMakeFiles/cmTC_865cd.dir/build
gmake[1]: Entering directory `/ccc/work/cont003/mds/guerouda/deisa_v1/DEISA1_PHD_IPCA/E1P16_W8_D512_D2022-12-13_12:10:59/CMakeFiles/CMakeTmp'
Building C object CMakeFiles/cmTC_865cd.dir/CheckFunctionExists.c.o
/ccc/products/gcc-9.3.0/system/default/bin/gcc   -DCHECK_FUNCTION_EXISTS=pthread_create   -o CMakeFiles/cmTC_865cd.dir/CheckFunctionExists.c.o   -c /ccc/products2/cmake-3.13.3/Atos_7__x86_64/system/default/share/cmake-3.13/Modules/CheckFunctionExists.c
Linking C executable cmTC_865cd
/ccc/products2/cmake-3.13.3/Atos_7__x86_64/system/default/bin/cmake -E cmake_link_script CMakeFiles/cmTC_865cd.dir/link.txt --verbose=1
/ccc/products/gcc-9.3.0/system/default/bin/gcc  -DCHECK_FUNCTION_EXISTS=pthread_create    CMakeFiles/cmTC_865cd.dir/CheckFunctionExists.c.o  -o cmTC_865cd -lpthreads 
/ccc/work/cont003/gen2224/gen2224/spack/var/spack/environments/gysela-deisa-irene-skl-draft/.spack-env/view/bin/ld.gold: error: cannot find -lpthreads
CMakeFiles/cmTC_865cd.dir/CheckFunctionExists.c.o:CheckFunctionExists.c:function main: error: undefined reference to 'pthread_create'
collect2: error: ld returned 1 exit status
gmake[1]: *** [cmTC_865cd] Error 1
gmake[1]: Leaving directory `/ccc/work/cont003/mds/guerouda/deisa_v1/DEISA1_PHD_IPCA/E1P16_W8_D512_D2022-12-13_12:10:59/CMakeFiles/CMakeTmp'
gmake: *** [cmTC_865cd/fast] Error 2


