Detecting C [-std=c11] compiler features failed to compile with the following output:
Change Dir: /ccc/scratch/cont003/mds/guerouda/DEISA_V2_DERIVATIVE_WCONFIG_OMP_HEART_PERF/E2/P4_W2_D1_D2023-03-01_14:13:53/CMakeFiles/CMakeTmp

Run Build Command:"/usr/bin/gmake" "cmTC_6e5eb/fast"
/usr/bin/gmake -f CMakeFiles/cmTC_6e5eb.dir/build.make CMakeFiles/cmTC_6e5eb.dir/build
gmake[1]: Entering directory `/ccc/scratch/cont003/mds/guerouda/DEISA_V2_DERIVATIVE_WCONFIG_OMP_HEART_PERF/E2/P4_W2_D1_D2023-03-01_14:13:53/CMakeFiles/CMakeTmp'
CMakeFiles/cmTC_6e5eb.dir/build.make:64: *** target pattern contains no `%'.  Stop.
gmake[1]: Leaving directory `/ccc/scratch/cont003/mds/guerouda/DEISA_V2_DERIVATIVE_WCONFIG_OMP_HEART_PERF/E2/P4_W2_D1_D2023-03-01_14:13:53/CMakeFiles/CMakeTmp'
gmake: *** [cmTC_6e5eb/fast] Error 2



Detecting CXX [-std=c++2a] compiler features failed to compile with the following output:
Change Dir: /ccc/scratch/cont003/mds/guerouda/DEISA_V2_DERIVATIVE_WCONFIG_OMP_HEART_PERF/E2/P4_W2_D1_D2023-03-01_14:13:53/CMakeFiles/CMakeTmp

Run Build Command:"/usr/bin/gmake" "cmTC_64758/fast"
/usr/bin/gmake -f CMakeFiles/cmTC_64758.dir/build.make CMakeFiles/cmTC_64758.dir/build
gmake[1]: Entering directory `/ccc/scratch/cont003/mds/guerouda/DEISA_V2_DERIVATIVE_WCONFIG_OMP_HEART_PERF/E2/P4_W2_D1_D2023-03-01_14:13:53/CMakeFiles/CMakeTmp'
CMakeFiles/cmTC_64758.dir/build.make:64: *** target pattern contains no `%'.  Stop.
gmake[1]: Leaving directory `/ccc/scratch/cont003/mds/guerouda/DEISA_V2_DERIVATIVE_WCONFIG_OMP_HEART_PERF/E2/P4_W2_D1_D2023-03-01_14:13:53/CMakeFiles/CMakeTmp'
gmake: *** [cmTC_64758/fast] Error 2



Determining if the pthread_create exist failed with the following output:
Change Dir: /ccc/scratch/cont003/mds/guerouda/DEISA_V2_DERIVATIVE_WCONFIG_OMP_HEART_PERF/E2/P4_W2_D1_D2023-03-01_14:13:53/CMakeFiles/CMakeTmp

Run Build Command:"/usr/bin/gmake" "cmTC_04dfe/fast"
/usr/bin/gmake -f CMakeFiles/cmTC_04dfe.dir/build.make CMakeFiles/cmTC_04dfe.dir/build
gmake[1]: Entering directory `/ccc/scratch/cont003/mds/guerouda/DEISA_V2_DERIVATIVE_WCONFIG_OMP_HEART_PERF/E2/P4_W2_D1_D2023-03-01_14:13:53/CMakeFiles/CMakeTmp'
Building C object CMakeFiles/cmTC_04dfe.dir/CheckSymbolExists.c.o
/ccc/products/gcc-9.3.0/system/default/bin/gcc    -o CMakeFiles/cmTC_04dfe.dir/CheckSymbolExists.c.o   -c /ccc/scratch/cont003/mds/guerouda/DEISA_V2_DERIVATIVE_WCONFIG_OMP_HEART_PERF/E2/P4_W2_D1_D2023-03-01_14:13:53/CMakeFiles/CMakeTmp/CheckSymbolExists.c
Linking C executable cmTC_04dfe
/ccc/products2/cmake-3.13.3/Atos_7__x86_64/system/default/bin/cmake -E cmake_link_script CMakeFiles/cmTC_04dfe.dir/link.txt --verbose=1
/ccc/products/gcc-9.3.0/system/default/bin/gcc      CMakeFiles/cmTC_04dfe.dir/CheckSymbolExists.c.o  -o cmTC_04dfe 
CMakeFiles/cmTC_04dfe.dir/CheckSymbolExists.c.o:CheckSymbolExists.c:function main: error: undefined reference to 'pthread_create'
collect2: error: ld returned 1 exit status
gmake[1]: *** [cmTC_04dfe] Error 1
gmake[1]: Leaving directory `/ccc/scratch/cont003/mds/guerouda/DEISA_V2_DERIVATIVE_WCONFIG_OMP_HEART_PERF/E2/P4_W2_D1_D2023-03-01_14:13:53/CMakeFiles/CMakeTmp'
gmake: *** [cmTC_04dfe/fast] Error 2

File /ccc/scratch/cont003/mds/guerouda/DEISA_V2_DERIVATIVE_WCONFIG_OMP_HEART_PERF/E2/P4_W2_D1_D2023-03-01_14:13:53/CMakeFiles/CMakeTmp/CheckSymbolExists.c:
/* */
#include <pthread.h>

int main(int argc, char** argv)
{
  (void)argv;
#ifndef pthread_create
  return ((int*)(&pthread_create))[argc];
#else
  (void)argc;
  return 0;
#endif
}

Determining if the function pthread_create exists in the pthreads failed with the following output:
Change Dir: /ccc/scratch/cont003/mds/guerouda/DEISA_V2_DERIVATIVE_WCONFIG_OMP_HEART_PERF/E2/P4_W2_D1_D2023-03-01_14:13:53/CMakeFiles/CMakeTmp

Run Build Command:"/usr/bin/gmake" "cmTC_a7f25/fast"
/usr/bin/gmake -f CMakeFiles/cmTC_a7f25.dir/build.make CMakeFiles/cmTC_a7f25.dir/build
gmake[1]: Entering directory `/ccc/scratch/cont003/mds/guerouda/DEISA_V2_DERIVATIVE_WCONFIG_OMP_HEART_PERF/E2/P4_W2_D1_D2023-03-01_14:13:53/CMakeFiles/CMakeTmp'
Building C object CMakeFiles/cmTC_a7f25.dir/CheckFunctionExists.c.o
/ccc/products/gcc-9.3.0/system/default/bin/gcc   -DCHECK_FUNCTION_EXISTS=pthread_create   -o CMakeFiles/cmTC_a7f25.dir/CheckFunctionExists.c.o   -c /ccc/products2/cmake-3.13.3/Atos_7__x86_64/system/default/share/cmake-3.13/Modules/CheckFunctionExists.c
Linking C executable cmTC_a7f25
/ccc/products2/cmake-3.13.3/Atos_7__x86_64/system/default/bin/cmake -E cmake_link_script CMakeFiles/cmTC_a7f25.dir/link.txt --verbose=1
/ccc/products/gcc-9.3.0/system/default/bin/gcc  -DCHECK_FUNCTION_EXISTS=pthread_create    CMakeFiles/cmTC_a7f25.dir/CheckFunctionExists.c.o  -o cmTC_a7f25 -lpthreads 
/ccc/work/cont003/gen2224/gen2224/spack/var/spack/environments/gysela-deisa-irene-skl-draft/.spack-env/view/bin/ld.gold: error: cannot find -lpthreads
CMakeFiles/cmTC_a7f25.dir/CheckFunctionExists.c.o:CheckFunctionExists.c:function main: error: undefined reference to 'pthread_create'
collect2: error: ld returned 1 exit status
gmake[1]: *** [cmTC_a7f25] Error 1
gmake[1]: Leaving directory `/ccc/scratch/cont003/mds/guerouda/DEISA_V2_DERIVATIVE_WCONFIG_OMP_HEART_PERF/E2/P4_W2_D1_D2023-03-01_14:13:53/CMakeFiles/CMakeTmp'
gmake: *** [cmTC_a7f25/fast] Error 2


