Detecting C [-std=c11] compiler features failed to compile with the following output:
Change Dir: /ccc/scratch/cont003/mds/guerouda/DASK_IPCA_WCONF_SAME_/E2/P32_W16_D512_D2023-02-27_11:43:15/CMakeFiles/CMakeTmp

Run Build Command:"/usr/bin/gmake" "cmTC_e873b/fast"
/usr/bin/gmake -f CMakeFiles/cmTC_e873b.dir/build.make CMakeFiles/cmTC_e873b.dir/build
gmake[1]: Entering directory `/ccc/scratch/cont003/mds/guerouda/DASK_IPCA_WCONF_SAME_/E2/P32_W16_D512_D2023-02-27_11:43:15/CMakeFiles/CMakeTmp'
CMakeFiles/cmTC_e873b.dir/build.make:64: *** target pattern contains no `%'.  Stop.
gmake[1]: Leaving directory `/ccc/scratch/cont003/mds/guerouda/DASK_IPCA_WCONF_SAME_/E2/P32_W16_D512_D2023-02-27_11:43:15/CMakeFiles/CMakeTmp'
gmake: *** [cmTC_e873b/fast] Error 2



Detecting CXX [-std=c++2a] compiler features failed to compile with the following output:
Change Dir: /ccc/scratch/cont003/mds/guerouda/DASK_IPCA_WCONF_SAME_/E2/P32_W16_D512_D2023-02-27_11:43:15/CMakeFiles/CMakeTmp

Run Build Command:"/usr/bin/gmake" "cmTC_ffbaf/fast"
/usr/bin/gmake -f CMakeFiles/cmTC_ffbaf.dir/build.make CMakeFiles/cmTC_ffbaf.dir/build
gmake[1]: Entering directory `/ccc/scratch/cont003/mds/guerouda/DASK_IPCA_WCONF_SAME_/E2/P32_W16_D512_D2023-02-27_11:43:15/CMakeFiles/CMakeTmp'
CMakeFiles/cmTC_ffbaf.dir/build.make:64: *** target pattern contains no `%'.  Stop.
gmake[1]: Leaving directory `/ccc/scratch/cont003/mds/guerouda/DASK_IPCA_WCONF_SAME_/E2/P32_W16_D512_D2023-02-27_11:43:15/CMakeFiles/CMakeTmp'
gmake: *** [cmTC_ffbaf/fast] Error 2



Determining if the pthread_create exist failed with the following output:
Change Dir: /ccc/scratch/cont003/mds/guerouda/DASK_IPCA_WCONF_SAME_/E2/P32_W16_D512_D2023-02-27_11:43:15/CMakeFiles/CMakeTmp

Run Build Command:"/usr/bin/gmake" "cmTC_0d9cd/fast"
/usr/bin/gmake -f CMakeFiles/cmTC_0d9cd.dir/build.make CMakeFiles/cmTC_0d9cd.dir/build
gmake[1]: Entering directory `/ccc/scratch/cont003/mds/guerouda/DASK_IPCA_WCONF_SAME_/E2/P32_W16_D512_D2023-02-27_11:43:15/CMakeFiles/CMakeTmp'
Building C object CMakeFiles/cmTC_0d9cd.dir/CheckSymbolExists.c.o
/ccc/products/gcc-9.3.0/system/default/bin/gcc    -o CMakeFiles/cmTC_0d9cd.dir/CheckSymbolExists.c.o   -c /ccc/scratch/cont003/mds/guerouda/DASK_IPCA_WCONF_SAME_/E2/P32_W16_D512_D2023-02-27_11:43:15/CMakeFiles/CMakeTmp/CheckSymbolExists.c
Linking C executable cmTC_0d9cd
/ccc/products2/cmake-3.13.3/Atos_7__x86_64/system/default/bin/cmake -E cmake_link_script CMakeFiles/cmTC_0d9cd.dir/link.txt --verbose=1
/ccc/products/gcc-9.3.0/system/default/bin/gcc      CMakeFiles/cmTC_0d9cd.dir/CheckSymbolExists.c.o  -o cmTC_0d9cd 
CMakeFiles/cmTC_0d9cd.dir/CheckSymbolExists.c.o:CheckSymbolExists.c:function main: error: undefined reference to 'pthread_create'
collect2: error: ld returned 1 exit status
gmake[1]: *** [cmTC_0d9cd] Error 1
gmake[1]: Leaving directory `/ccc/scratch/cont003/mds/guerouda/DASK_IPCA_WCONF_SAME_/E2/P32_W16_D512_D2023-02-27_11:43:15/CMakeFiles/CMakeTmp'
gmake: *** [cmTC_0d9cd/fast] Error 2

File /ccc/scratch/cont003/mds/guerouda/DASK_IPCA_WCONF_SAME_/E2/P32_W16_D512_D2023-02-27_11:43:15/CMakeFiles/CMakeTmp/CheckSymbolExists.c:
/* */
#include <pthread.h>

int main(int argc, char** argv)
{
  (void)argv;
#ifndef pthread_create
  return ((int*)(&pthread_create))[argc];
#else
  (void)argc;
  return 0;
#endif
}

Determining if the function pthread_create exists in the pthreads failed with the following output:
Change Dir: /ccc/scratch/cont003/mds/guerouda/DASK_IPCA_WCONF_SAME_/E2/P32_W16_D512_D2023-02-27_11:43:15/CMakeFiles/CMakeTmp

Run Build Command:"/usr/bin/gmake" "cmTC_9c57f/fast"
/usr/bin/gmake -f CMakeFiles/cmTC_9c57f.dir/build.make CMakeFiles/cmTC_9c57f.dir/build
gmake[1]: Entering directory `/ccc/scratch/cont003/mds/guerouda/DASK_IPCA_WCONF_SAME_/E2/P32_W16_D512_D2023-02-27_11:43:15/CMakeFiles/CMakeTmp'
Building C object CMakeFiles/cmTC_9c57f.dir/CheckFunctionExists.c.o
/ccc/products/gcc-9.3.0/system/default/bin/gcc   -DCHECK_FUNCTION_EXISTS=pthread_create   -o CMakeFiles/cmTC_9c57f.dir/CheckFunctionExists.c.o   -c /ccc/products2/cmake-3.13.3/Atos_7__x86_64/system/default/share/cmake-3.13/Modules/CheckFunctionExists.c
Linking C executable cmTC_9c57f
/ccc/products2/cmake-3.13.3/Atos_7__x86_64/system/default/bin/cmake -E cmake_link_script CMakeFiles/cmTC_9c57f.dir/link.txt --verbose=1
/ccc/products/gcc-9.3.0/system/default/bin/gcc  -DCHECK_FUNCTION_EXISTS=pthread_create    CMakeFiles/cmTC_9c57f.dir/CheckFunctionExists.c.o  -o cmTC_9c57f -lpthreads 
/ccc/work/cont003/gen2224/gen2224/spack/var/spack/environments/gysela-deisa-irene-skl-draft/.spack-env/view/bin/ld.gold: error: cannot find -lpthreads
CMakeFiles/cmTC_9c57f.dir/CheckFunctionExists.c.o:CheckFunctionExists.c:function main: error: undefined reference to 'pthread_create'
collect2: error: ld returned 1 exit status
gmake[1]: *** [cmTC_9c57f] Error 1
gmake[1]: Leaving directory `/ccc/scratch/cont003/mds/guerouda/DASK_IPCA_WCONF_SAME_/E2/P32_W16_D512_D2023-02-27_11:43:15/CMakeFiles/CMakeTmp'
gmake: *** [cmTC_9c57f/fast] Error 2


