Detecting C [-std=c11] compiler features failed to compile with the following output:
Change Dir: /ccc/work/cont003/mds/guerouda/deisa_v3/DEISA_PHD_IPCA_FIN/E2/P16_W8_D1_D2022-12-13_13:50:03/CMakeFiles/CMakeTmp

Run Build Command:"/usr/bin/gmake" "cmTC_87cb6/fast"
/usr/bin/gmake -f CMakeFiles/cmTC_87cb6.dir/build.make CMakeFiles/cmTC_87cb6.dir/build
gmake[1]: Entering directory `/ccc/work/cont003/mds/guerouda/deisa_v3/DEISA_PHD_IPCA_FIN/E2/P16_W8_D1_D2022-12-13_13:50:03/CMakeFiles/CMakeTmp'
CMakeFiles/cmTC_87cb6.dir/build.make:64: *** target pattern contains no `%'.  Stop.
gmake[1]: Leaving directory `/ccc/work/cont003/mds/guerouda/deisa_v3/DEISA_PHD_IPCA_FIN/E2/P16_W8_D1_D2022-12-13_13:50:03/CMakeFiles/CMakeTmp'
gmake: *** [cmTC_87cb6/fast] Error 2



Detecting CXX [-std=c++2a] compiler features failed to compile with the following output:
Change Dir: /ccc/work/cont003/mds/guerouda/deisa_v3/DEISA_PHD_IPCA_FIN/E2/P16_W8_D1_D2022-12-13_13:50:03/CMakeFiles/CMakeTmp

Run Build Command:"/usr/bin/gmake" "cmTC_52c8c/fast"
/usr/bin/gmake -f CMakeFiles/cmTC_52c8c.dir/build.make CMakeFiles/cmTC_52c8c.dir/build
gmake[1]: Entering directory `/ccc/work/cont003/mds/guerouda/deisa_v3/DEISA_PHD_IPCA_FIN/E2/P16_W8_D1_D2022-12-13_13:50:03/CMakeFiles/CMakeTmp'
CMakeFiles/cmTC_52c8c.dir/build.make:64: *** target pattern contains no `%'.  Stop.
gmake[1]: Leaving directory `/ccc/work/cont003/mds/guerouda/deisa_v3/DEISA_PHD_IPCA_FIN/E2/P16_W8_D1_D2022-12-13_13:50:03/CMakeFiles/CMakeTmp'
gmake: *** [cmTC_52c8c/fast] Error 2



Determining if the pthread_create exist failed with the following output:
Change Dir: /ccc/work/cont003/mds/guerouda/deisa_v3/DEISA_PHD_IPCA_FIN/E2/P16_W8_D1_D2022-12-13_13:50:03/CMakeFiles/CMakeTmp

Run Build Command:"/usr/bin/gmake" "cmTC_fd687/fast"
/usr/bin/gmake -f CMakeFiles/cmTC_fd687.dir/build.make CMakeFiles/cmTC_fd687.dir/build
gmake[1]: Entering directory `/ccc/work/cont003/mds/guerouda/deisa_v3/DEISA_PHD_IPCA_FIN/E2/P16_W8_D1_D2022-12-13_13:50:03/CMakeFiles/CMakeTmp'
Building C object CMakeFiles/cmTC_fd687.dir/CheckSymbolExists.c.o
/ccc/products/gcc-9.3.0/system/default/bin/gcc    -o CMakeFiles/cmTC_fd687.dir/CheckSymbolExists.c.o   -c /ccc/work/cont003/mds/guerouda/deisa_v3/DEISA_PHD_IPCA_FIN/E2/P16_W8_D1_D2022-12-13_13:50:03/CMakeFiles/CMakeTmp/CheckSymbolExists.c
Linking C executable cmTC_fd687
/ccc/products2/cmake-3.13.3/Atos_7__x86_64/system/default/bin/cmake -E cmake_link_script CMakeFiles/cmTC_fd687.dir/link.txt --verbose=1
/ccc/products/gcc-9.3.0/system/default/bin/gcc      CMakeFiles/cmTC_fd687.dir/CheckSymbolExists.c.o  -o cmTC_fd687 
CMakeFiles/cmTC_fd687.dir/CheckSymbolExists.c.o:CheckSymbolExists.c:function main: error: undefined reference to 'pthread_create'
collect2: error: ld returned 1 exit status
gmake[1]: *** [cmTC_fd687] Error 1
gmake[1]: Leaving directory `/ccc/work/cont003/mds/guerouda/deisa_v3/DEISA_PHD_IPCA_FIN/E2/P16_W8_D1_D2022-12-13_13:50:03/CMakeFiles/CMakeTmp'
gmake: *** [cmTC_fd687/fast] Error 2

File /ccc/work/cont003/mds/guerouda/deisa_v3/DEISA_PHD_IPCA_FIN/E2/P16_W8_D1_D2022-12-13_13:50:03/CMakeFiles/CMakeTmp/CheckSymbolExists.c:
/* */
#include <pthread.h>

int main(int argc, char** argv)
{
  (void)argv;
#ifndef pthread_create
  return ((int*)(&pthread_create))[argc];
#else
  (void)argc;
  return 0;
#endif
}

Determining if the function pthread_create exists in the pthreads failed with the following output:
Change Dir: /ccc/work/cont003/mds/guerouda/deisa_v3/DEISA_PHD_IPCA_FIN/E2/P16_W8_D1_D2022-12-13_13:50:03/CMakeFiles/CMakeTmp

Run Build Command:"/usr/bin/gmake" "cmTC_48bad/fast"
/usr/bin/gmake -f CMakeFiles/cmTC_48bad.dir/build.make CMakeFiles/cmTC_48bad.dir/build
gmake[1]: Entering directory `/ccc/work/cont003/mds/guerouda/deisa_v3/DEISA_PHD_IPCA_FIN/E2/P16_W8_D1_D2022-12-13_13:50:03/CMakeFiles/CMakeTmp'
Building C object CMakeFiles/cmTC_48bad.dir/CheckFunctionExists.c.o
/ccc/products/gcc-9.3.0/system/default/bin/gcc   -DCHECK_FUNCTION_EXISTS=pthread_create   -o CMakeFiles/cmTC_48bad.dir/CheckFunctionExists.c.o   -c /ccc/products2/cmake-3.13.3/Atos_7__x86_64/system/default/share/cmake-3.13/Modules/CheckFunctionExists.c
Linking C executable cmTC_48bad
/ccc/products2/cmake-3.13.3/Atos_7__x86_64/system/default/bin/cmake -E cmake_link_script CMakeFiles/cmTC_48bad.dir/link.txt --verbose=1
/ccc/products/gcc-9.3.0/system/default/bin/gcc  -DCHECK_FUNCTION_EXISTS=pthread_create    CMakeFiles/cmTC_48bad.dir/CheckFunctionExists.c.o  -o cmTC_48bad -lpthreads 
/ccc/work/cont003/gen2224/gen2224/spack/var/spack/environments/gysela-deisa-irene-skl-draft/.spack-env/view/bin/ld.gold: error: cannot find -lpthreads
CMakeFiles/cmTC_48bad.dir/CheckFunctionExists.c.o:CheckFunctionExists.c:function main: error: undefined reference to 'pthread_create'
collect2: error: ld returned 1 exit status
gmake[1]: *** [cmTC_48bad] Error 1
gmake[1]: Leaving directory `/ccc/work/cont003/mds/guerouda/deisa_v3/DEISA_PHD_IPCA_FIN/E2/P16_W8_D1_D2022-12-13_13:50:03/CMakeFiles/CMakeTmp'
gmake: *** [cmTC_48bad/fast] Error 2


