Detecting C [-std=c11] compiler features failed to compile with the following output:
Change Dir: /ccc/scratch/cont003/mds/guerouda/DASK_PHD_IPCA_FIN/E1/P32_W16_D128_D2022-12-13_13:49:10/CMakeFiles/CMakeTmp

Run Build Command:"/usr/bin/gmake" "cmTC_b4bf0/fast"
/usr/bin/gmake -f CMakeFiles/cmTC_b4bf0.dir/build.make CMakeFiles/cmTC_b4bf0.dir/build
gmake[1]: Entering directory `/ccc/scratch/cont003/mds/guerouda/DASK_PHD_IPCA_FIN/E1/P32_W16_D128_D2022-12-13_13:49:10/CMakeFiles/CMakeTmp'
CMakeFiles/cmTC_b4bf0.dir/build.make:64: *** target pattern contains no `%'.  Stop.
gmake[1]: Leaving directory `/ccc/scratch/cont003/mds/guerouda/DASK_PHD_IPCA_FIN/E1/P32_W16_D128_D2022-12-13_13:49:10/CMakeFiles/CMakeTmp'
gmake: *** [cmTC_b4bf0/fast] Error 2



Detecting CXX [-std=c++2a] compiler features failed to compile with the following output:
Change Dir: /ccc/scratch/cont003/mds/guerouda/DASK_PHD_IPCA_FIN/E1/P32_W16_D128_D2022-12-13_13:49:10/CMakeFiles/CMakeTmp

Run Build Command:"/usr/bin/gmake" "cmTC_56c9f/fast"
/usr/bin/gmake -f CMakeFiles/cmTC_56c9f.dir/build.make CMakeFiles/cmTC_56c9f.dir/build
gmake[1]: Entering directory `/ccc/scratch/cont003/mds/guerouda/DASK_PHD_IPCA_FIN/E1/P32_W16_D128_D2022-12-13_13:49:10/CMakeFiles/CMakeTmp'
CMakeFiles/cmTC_56c9f.dir/build.make:64: *** target pattern contains no `%'.  Stop.
gmake[1]: Leaving directory `/ccc/scratch/cont003/mds/guerouda/DASK_PHD_IPCA_FIN/E1/P32_W16_D128_D2022-12-13_13:49:10/CMakeFiles/CMakeTmp'
gmake: *** [cmTC_56c9f/fast] Error 2



Determining if the pthread_create exist failed with the following output:
Change Dir: /ccc/scratch/cont003/mds/guerouda/DASK_PHD_IPCA_FIN/E1/P32_W16_D128_D2022-12-13_13:49:10/CMakeFiles/CMakeTmp

Run Build Command:"/usr/bin/gmake" "cmTC_95a09/fast"
/usr/bin/gmake -f CMakeFiles/cmTC_95a09.dir/build.make CMakeFiles/cmTC_95a09.dir/build
gmake[1]: Entering directory `/ccc/scratch/cont003/mds/guerouda/DASK_PHD_IPCA_FIN/E1/P32_W16_D128_D2022-12-13_13:49:10/CMakeFiles/CMakeTmp'
Building C object CMakeFiles/cmTC_95a09.dir/CheckSymbolExists.c.o
/ccc/products/gcc-9.3.0/system/default/bin/gcc    -o CMakeFiles/cmTC_95a09.dir/CheckSymbolExists.c.o   -c /ccc/scratch/cont003/mds/guerouda/DASK_PHD_IPCA_FIN/E1/P32_W16_D128_D2022-12-13_13:49:10/CMakeFiles/CMakeTmp/CheckSymbolExists.c
Linking C executable cmTC_95a09
/ccc/products2/cmake-3.13.3/Atos_7__x86_64/system/default/bin/cmake -E cmake_link_script CMakeFiles/cmTC_95a09.dir/link.txt --verbose=1
/ccc/products/gcc-9.3.0/system/default/bin/gcc      CMakeFiles/cmTC_95a09.dir/CheckSymbolExists.c.o  -o cmTC_95a09 
CMakeFiles/cmTC_95a09.dir/CheckSymbolExists.c.o:CheckSymbolExists.c:function main: error: undefined reference to 'pthread_create'
collect2: error: ld returned 1 exit status
gmake[1]: *** [cmTC_95a09] Error 1
gmake[1]: Leaving directory `/ccc/scratch/cont003/mds/guerouda/DASK_PHD_IPCA_FIN/E1/P32_W16_D128_D2022-12-13_13:49:10/CMakeFiles/CMakeTmp'
gmake: *** [cmTC_95a09/fast] Error 2

File /ccc/scratch/cont003/mds/guerouda/DASK_PHD_IPCA_FIN/E1/P32_W16_D128_D2022-12-13_13:49:10/CMakeFiles/CMakeTmp/CheckSymbolExists.c:
/* */
#include <pthread.h>

int main(int argc, char** argv)
{
  (void)argv;
#ifndef pthread_create
  return ((int*)(&pthread_create))[argc];
#else
  (void)argc;
  return 0;
#endif
}

Determining if the function pthread_create exists in the pthreads failed with the following output:
Change Dir: /ccc/scratch/cont003/mds/guerouda/DASK_PHD_IPCA_FIN/E1/P32_W16_D128_D2022-12-13_13:49:10/CMakeFiles/CMakeTmp

Run Build Command:"/usr/bin/gmake" "cmTC_cb57a/fast"
/usr/bin/gmake -f CMakeFiles/cmTC_cb57a.dir/build.make CMakeFiles/cmTC_cb57a.dir/build
gmake[1]: Entering directory `/ccc/scratch/cont003/mds/guerouda/DASK_PHD_IPCA_FIN/E1/P32_W16_D128_D2022-12-13_13:49:10/CMakeFiles/CMakeTmp'
Building C object CMakeFiles/cmTC_cb57a.dir/CheckFunctionExists.c.o
/ccc/products/gcc-9.3.0/system/default/bin/gcc   -DCHECK_FUNCTION_EXISTS=pthread_create   -o CMakeFiles/cmTC_cb57a.dir/CheckFunctionExists.c.o   -c /ccc/products2/cmake-3.13.3/Atos_7__x86_64/system/default/share/cmake-3.13/Modules/CheckFunctionExists.c
Linking C executable cmTC_cb57a
/ccc/products2/cmake-3.13.3/Atos_7__x86_64/system/default/bin/cmake -E cmake_link_script CMakeFiles/cmTC_cb57a.dir/link.txt --verbose=1
/ccc/products/gcc-9.3.0/system/default/bin/gcc  -DCHECK_FUNCTION_EXISTS=pthread_create    CMakeFiles/cmTC_cb57a.dir/CheckFunctionExists.c.o  -o cmTC_cb57a -lpthreads 
/ccc/work/cont003/gen2224/gen2224/spack/var/spack/environments/gysela-deisa-irene-skl-draft/.spack-env/view/bin/ld.gold: error: cannot find -lpthreads
CMakeFiles/cmTC_cb57a.dir/CheckFunctionExists.c.o:CheckFunctionExists.c:function main: error: undefined reference to 'pthread_create'
collect2: error: ld returned 1 exit status
gmake[1]: *** [cmTC_cb57a] Error 1
gmake[1]: Leaving directory `/ccc/scratch/cont003/mds/guerouda/DASK_PHD_IPCA_FIN/E1/P32_W16_D128_D2022-12-13_13:49:10/CMakeFiles/CMakeTmp'
gmake: *** [cmTC_cb57a/fast] Error 2


