Detecting C [-std=c11] compiler features failed to compile with the following output:
Change Dir: /ccc/work/cont003/mds/guerouda/deisa_v1/DEISA1_PHD_IPCA/E1P8_W4_D1_D2022-12-13_12:10:46/CMakeFiles/CMakeTmp

Run Build Command:"/usr/bin/gmake" "cmTC_ca1be/fast"
/usr/bin/gmake -f CMakeFiles/cmTC_ca1be.dir/build.make CMakeFiles/cmTC_ca1be.dir/build
gmake[1]: Entering directory `/ccc/work/cont003/mds/guerouda/deisa_v1/DEISA1_PHD_IPCA/E1P8_W4_D1_D2022-12-13_12:10:46/CMakeFiles/CMakeTmp'
CMakeFiles/cmTC_ca1be.dir/build.make:64: *** target pattern contains no `%'.  Stop.
gmake[1]: Leaving directory `/ccc/work/cont003/mds/guerouda/deisa_v1/DEISA1_PHD_IPCA/E1P8_W4_D1_D2022-12-13_12:10:46/CMakeFiles/CMakeTmp'
gmake: *** [cmTC_ca1be/fast] Error 2



Detecting CXX [-std=c++2a] compiler features failed to compile with the following output:
Change Dir: /ccc/work/cont003/mds/guerouda/deisa_v1/DEISA1_PHD_IPCA/E1P8_W4_D1_D2022-12-13_12:10:46/CMakeFiles/CMakeTmp

Run Build Command:"/usr/bin/gmake" "cmTC_4c5d2/fast"
/usr/bin/gmake -f CMakeFiles/cmTC_4c5d2.dir/build.make CMakeFiles/cmTC_4c5d2.dir/build
gmake[1]: Entering directory `/ccc/work/cont003/mds/guerouda/deisa_v1/DEISA1_PHD_IPCA/E1P8_W4_D1_D2022-12-13_12:10:46/CMakeFiles/CMakeTmp'
CMakeFiles/cmTC_4c5d2.dir/build.make:64: *** target pattern contains no `%'.  Stop.
gmake[1]: Leaving directory `/ccc/work/cont003/mds/guerouda/deisa_v1/DEISA1_PHD_IPCA/E1P8_W4_D1_D2022-12-13_12:10:46/CMakeFiles/CMakeTmp'
gmake: *** [cmTC_4c5d2/fast] Error 2



Determining if the pthread_create exist failed with the following output:
Change Dir: /ccc/work/cont003/mds/guerouda/deisa_v1/DEISA1_PHD_IPCA/E1P8_W4_D1_D2022-12-13_12:10:46/CMakeFiles/CMakeTmp

Run Build Command:"/usr/bin/gmake" "cmTC_3f6ac/fast"
/usr/bin/gmake -f CMakeFiles/cmTC_3f6ac.dir/build.make CMakeFiles/cmTC_3f6ac.dir/build
gmake[1]: Entering directory `/ccc/work/cont003/mds/guerouda/deisa_v1/DEISA1_PHD_IPCA/E1P8_W4_D1_D2022-12-13_12:10:46/CMakeFiles/CMakeTmp'
Building C object CMakeFiles/cmTC_3f6ac.dir/CheckSymbolExists.c.o
/ccc/products/gcc-9.3.0/system/default/bin/gcc    -o CMakeFiles/cmTC_3f6ac.dir/CheckSymbolExists.c.o   -c /ccc/work/cont003/mds/guerouda/deisa_v1/DEISA1_PHD_IPCA/E1P8_W4_D1_D2022-12-13_12:10:46/CMakeFiles/CMakeTmp/CheckSymbolExists.c
Linking C executable cmTC_3f6ac
/ccc/products2/cmake-3.13.3/Atos_7__x86_64/system/default/bin/cmake -E cmake_link_script CMakeFiles/cmTC_3f6ac.dir/link.txt --verbose=1
/ccc/products/gcc-9.3.0/system/default/bin/gcc      CMakeFiles/cmTC_3f6ac.dir/CheckSymbolExists.c.o  -o cmTC_3f6ac 
CMakeFiles/cmTC_3f6ac.dir/CheckSymbolExists.c.o:CheckSymbolExists.c:function main: error: undefined reference to 'pthread_create'
collect2: error: ld returned 1 exit status
gmake[1]: *** [cmTC_3f6ac] Error 1
gmake[1]: Leaving directory `/ccc/work/cont003/mds/guerouda/deisa_v1/DEISA1_PHD_IPCA/E1P8_W4_D1_D2022-12-13_12:10:46/CMakeFiles/CMakeTmp'
gmake: *** [cmTC_3f6ac/fast] Error 2

File /ccc/work/cont003/mds/guerouda/deisa_v1/DEISA1_PHD_IPCA/E1P8_W4_D1_D2022-12-13_12:10:46/CMakeFiles/CMakeTmp/CheckSymbolExists.c:
/* */
#include <pthread.h>

int main(int argc, char** argv)
{
  (void)argv;
#ifndef pthread_create
  return ((int*)(&pthread_create))[argc];
#else
  (void)argc;
  return 0;
#endif
}

Determining if the function pthread_create exists in the pthreads failed with the following output:
Change Dir: /ccc/work/cont003/mds/guerouda/deisa_v1/DEISA1_PHD_IPCA/E1P8_W4_D1_D2022-12-13_12:10:46/CMakeFiles/CMakeTmp

Run Build Command:"/usr/bin/gmake" "cmTC_08dbe/fast"
/usr/bin/gmake -f CMakeFiles/cmTC_08dbe.dir/build.make CMakeFiles/cmTC_08dbe.dir/build
gmake[1]: Entering directory `/ccc/work/cont003/mds/guerouda/deisa_v1/DEISA1_PHD_IPCA/E1P8_W4_D1_D2022-12-13_12:10:46/CMakeFiles/CMakeTmp'
Building C object CMakeFiles/cmTC_08dbe.dir/CheckFunctionExists.c.o
/ccc/products/gcc-9.3.0/system/default/bin/gcc   -DCHECK_FUNCTION_EXISTS=pthread_create   -o CMakeFiles/cmTC_08dbe.dir/CheckFunctionExists.c.o   -c /ccc/products2/cmake-3.13.3/Atos_7__x86_64/system/default/share/cmake-3.13/Modules/CheckFunctionExists.c
Linking C executable cmTC_08dbe
/ccc/products2/cmake-3.13.3/Atos_7__x86_64/system/default/bin/cmake -E cmake_link_script CMakeFiles/cmTC_08dbe.dir/link.txt --verbose=1
/ccc/products/gcc-9.3.0/system/default/bin/gcc  -DCHECK_FUNCTION_EXISTS=pthread_create    CMakeFiles/cmTC_08dbe.dir/CheckFunctionExists.c.o  -o cmTC_08dbe -lpthreads 
/ccc/work/cont003/gen2224/gen2224/spack/var/spack/environments/gysela-deisa-irene-skl-draft/.spack-env/view/bin/ld.gold: error: cannot find -lpthreads
CMakeFiles/cmTC_08dbe.dir/CheckFunctionExists.c.o:CheckFunctionExists.c:function main: error: undefined reference to 'pthread_create'
collect2: error: ld returned 1 exit status
gmake[1]: *** [cmTC_08dbe] Error 1
gmake[1]: Leaving directory `/ccc/work/cont003/mds/guerouda/deisa_v1/DEISA1_PHD_IPCA/E1P8_W4_D1_D2022-12-13_12:10:46/CMakeFiles/CMakeTmp'
gmake: *** [cmTC_08dbe/fast] Error 2


