Detecting C [-std=c11] compiler features failed to compile with the following output:
Change Dir: /ccc/work/cont003/mds/guerouda/deisa_v3/DEISA_PHD_IPCA_FIN/E1/P256_W128_D2_D2022-12-13_13:48:34/CMakeFiles/CMakeTmp

Run Build Command:"/usr/bin/gmake" "cmTC_e45a1/fast"
/usr/bin/gmake -f CMakeFiles/cmTC_e45a1.dir/build.make CMakeFiles/cmTC_e45a1.dir/build
gmake[1]: Entering directory `/ccc/work/cont003/mds/guerouda/deisa_v3/DEISA_PHD_IPCA_FIN/E1/P256_W128_D2_D2022-12-13_13:48:34/CMakeFiles/CMakeTmp'
CMakeFiles/cmTC_e45a1.dir/build.make:64: *** target pattern contains no `%'.  Stop.
gmake[1]: Leaving directory `/ccc/work/cont003/mds/guerouda/deisa_v3/DEISA_PHD_IPCA_FIN/E1/P256_W128_D2_D2022-12-13_13:48:34/CMakeFiles/CMakeTmp'
gmake: *** [cmTC_e45a1/fast] Error 2



Detecting CXX [-std=c++2a] compiler features failed to compile with the following output:
Change Dir: /ccc/work/cont003/mds/guerouda/deisa_v3/DEISA_PHD_IPCA_FIN/E1/P256_W128_D2_D2022-12-13_13:48:34/CMakeFiles/CMakeTmp

Run Build Command:"/usr/bin/gmake" "cmTC_85331/fast"
/usr/bin/gmake -f CMakeFiles/cmTC_85331.dir/build.make CMakeFiles/cmTC_85331.dir/build
gmake[1]: Entering directory `/ccc/work/cont003/mds/guerouda/deisa_v3/DEISA_PHD_IPCA_FIN/E1/P256_W128_D2_D2022-12-13_13:48:34/CMakeFiles/CMakeTmp'
CMakeFiles/cmTC_85331.dir/build.make:64: *** target pattern contains no `%'.  Stop.
gmake[1]: Leaving directory `/ccc/work/cont003/mds/guerouda/deisa_v3/DEISA_PHD_IPCA_FIN/E1/P256_W128_D2_D2022-12-13_13:48:34/CMakeFiles/CMakeTmp'
gmake: *** [cmTC_85331/fast] Error 2



Determining if the pthread_create exist failed with the following output:
Change Dir: /ccc/work/cont003/mds/guerouda/deisa_v3/DEISA_PHD_IPCA_FIN/E1/P256_W128_D2_D2022-12-13_13:48:34/CMakeFiles/CMakeTmp

Run Build Command:"/usr/bin/gmake" "cmTC_e88cb/fast"
/usr/bin/gmake -f CMakeFiles/cmTC_e88cb.dir/build.make CMakeFiles/cmTC_e88cb.dir/build
gmake[1]: Entering directory `/ccc/work/cont003/mds/guerouda/deisa_v3/DEISA_PHD_IPCA_FIN/E1/P256_W128_D2_D2022-12-13_13:48:34/CMakeFiles/CMakeTmp'
Building C object CMakeFiles/cmTC_e88cb.dir/CheckSymbolExists.c.o
/ccc/products/gcc-9.3.0/system/default/bin/gcc    -o CMakeFiles/cmTC_e88cb.dir/CheckSymbolExists.c.o   -c /ccc/work/cont003/mds/guerouda/deisa_v3/DEISA_PHD_IPCA_FIN/E1/P256_W128_D2_D2022-12-13_13:48:34/CMakeFiles/CMakeTmp/CheckSymbolExists.c
Linking C executable cmTC_e88cb
/ccc/products2/cmake-3.13.3/Atos_7__x86_64/system/default/bin/cmake -E cmake_link_script CMakeFiles/cmTC_e88cb.dir/link.txt --verbose=1
/ccc/products/gcc-9.3.0/system/default/bin/gcc      CMakeFiles/cmTC_e88cb.dir/CheckSymbolExists.c.o  -o cmTC_e88cb 
CMakeFiles/cmTC_e88cb.dir/CheckSymbolExists.c.o:CheckSymbolExists.c:function main: error: undefined reference to 'pthread_create'
collect2: error: ld returned 1 exit status
gmake[1]: *** [cmTC_e88cb] Error 1
gmake[1]: Leaving directory `/ccc/work/cont003/mds/guerouda/deisa_v3/DEISA_PHD_IPCA_FIN/E1/P256_W128_D2_D2022-12-13_13:48:34/CMakeFiles/CMakeTmp'
gmake: *** [cmTC_e88cb/fast] Error 2

File /ccc/work/cont003/mds/guerouda/deisa_v3/DEISA_PHD_IPCA_FIN/E1/P256_W128_D2_D2022-12-13_13:48:34/CMakeFiles/CMakeTmp/CheckSymbolExists.c:
/* */
#include <pthread.h>

int main(int argc, char** argv)
{
  (void)argv;
#ifndef pthread_create
  return ((int*)(&pthread_create))[argc];
#else
  (void)argc;
  return 0;
#endif
}

Determining if the function pthread_create exists in the pthreads failed with the following output:
Change Dir: /ccc/work/cont003/mds/guerouda/deisa_v3/DEISA_PHD_IPCA_FIN/E1/P256_W128_D2_D2022-12-13_13:48:34/CMakeFiles/CMakeTmp

Run Build Command:"/usr/bin/gmake" "cmTC_dc29b/fast"
/usr/bin/gmake -f CMakeFiles/cmTC_dc29b.dir/build.make CMakeFiles/cmTC_dc29b.dir/build
gmake[1]: Entering directory `/ccc/work/cont003/mds/guerouda/deisa_v3/DEISA_PHD_IPCA_FIN/E1/P256_W128_D2_D2022-12-13_13:48:34/CMakeFiles/CMakeTmp'
Building C object CMakeFiles/cmTC_dc29b.dir/CheckFunctionExists.c.o
/ccc/products/gcc-9.3.0/system/default/bin/gcc   -DCHECK_FUNCTION_EXISTS=pthread_create   -o CMakeFiles/cmTC_dc29b.dir/CheckFunctionExists.c.o   -c /ccc/products2/cmake-3.13.3/Atos_7__x86_64/system/default/share/cmake-3.13/Modules/CheckFunctionExists.c
Linking C executable cmTC_dc29b
/ccc/products2/cmake-3.13.3/Atos_7__x86_64/system/default/bin/cmake -E cmake_link_script CMakeFiles/cmTC_dc29b.dir/link.txt --verbose=1
/ccc/products/gcc-9.3.0/system/default/bin/gcc  -DCHECK_FUNCTION_EXISTS=pthread_create    CMakeFiles/cmTC_dc29b.dir/CheckFunctionExists.c.o  -o cmTC_dc29b -lpthreads 
/ccc/work/cont003/gen2224/gen2224/spack/var/spack/environments/gysela-deisa-irene-skl-draft/.spack-env/view/bin/ld.gold: error: cannot find -lpthreads
CMakeFiles/cmTC_dc29b.dir/CheckFunctionExists.c.o:CheckFunctionExists.c:function main: error: undefined reference to 'pthread_create'
collect2: error: ld returned 1 exit status
gmake[1]: *** [cmTC_dc29b] Error 1
gmake[1]: Leaving directory `/ccc/work/cont003/mds/guerouda/deisa_v3/DEISA_PHD_IPCA_FIN/E1/P256_W128_D2_D2022-12-13_13:48:34/CMakeFiles/CMakeTmp'
gmake: *** [cmTC_dc29b/fast] Error 2


