Detecting C [-std=c11] compiler features failed to compile with the following output:
Change Dir: /ccc/scratch/cont003/mds/guerouda/DASK_IPCA_WCONF_SAME_/E3/P64_W32_D256_D2023-02-27_11:44:53/CMakeFiles/CMakeTmp

Run Build Command:"/usr/bin/gmake" "cmTC_d7fdc/fast"
/usr/bin/gmake -f CMakeFiles/cmTC_d7fdc.dir/build.make CMakeFiles/cmTC_d7fdc.dir/build
gmake[1]: Entering directory `/ccc/scratch/cont003/mds/guerouda/DASK_IPCA_WCONF_SAME_/E3/P64_W32_D256_D2023-02-27_11:44:53/CMakeFiles/CMakeTmp'
CMakeFiles/cmTC_d7fdc.dir/build.make:64: *** target pattern contains no `%'.  Stop.
gmake[1]: Leaving directory `/ccc/scratch/cont003/mds/guerouda/DASK_IPCA_WCONF_SAME_/E3/P64_W32_D256_D2023-02-27_11:44:53/CMakeFiles/CMakeTmp'
gmake: *** [cmTC_d7fdc/fast] Error 2



Detecting CXX [-std=c++2a] compiler features failed to compile with the following output:
Change Dir: /ccc/scratch/cont003/mds/guerouda/DASK_IPCA_WCONF_SAME_/E3/P64_W32_D256_D2023-02-27_11:44:53/CMakeFiles/CMakeTmp

Run Build Command:"/usr/bin/gmake" "cmTC_ad358/fast"
/usr/bin/gmake -f CMakeFiles/cmTC_ad358.dir/build.make CMakeFiles/cmTC_ad358.dir/build
gmake[1]: Entering directory `/ccc/scratch/cont003/mds/guerouda/DASK_IPCA_WCONF_SAME_/E3/P64_W32_D256_D2023-02-27_11:44:53/CMakeFiles/CMakeTmp'
CMakeFiles/cmTC_ad358.dir/build.make:64: *** target pattern contains no `%'.  Stop.
gmake[1]: Leaving directory `/ccc/scratch/cont003/mds/guerouda/DASK_IPCA_WCONF_SAME_/E3/P64_W32_D256_D2023-02-27_11:44:53/CMakeFiles/CMakeTmp'
gmake: *** [cmTC_ad358/fast] Error 2



Determining if the pthread_create exist failed with the following output:
Change Dir: /ccc/scratch/cont003/mds/guerouda/DASK_IPCA_WCONF_SAME_/E3/P64_W32_D256_D2023-02-27_11:44:53/CMakeFiles/CMakeTmp

Run Build Command:"/usr/bin/gmake" "cmTC_f849f/fast"
/usr/bin/gmake -f CMakeFiles/cmTC_f849f.dir/build.make CMakeFiles/cmTC_f849f.dir/build
gmake[1]: Entering directory `/ccc/scratch/cont003/mds/guerouda/DASK_IPCA_WCONF_SAME_/E3/P64_W32_D256_D2023-02-27_11:44:53/CMakeFiles/CMakeTmp'
Building C object CMakeFiles/cmTC_f849f.dir/CheckSymbolExists.c.o
/ccc/products/gcc-9.3.0/system/default/bin/gcc    -o CMakeFiles/cmTC_f849f.dir/CheckSymbolExists.c.o   -c /ccc/scratch/cont003/mds/guerouda/DASK_IPCA_WCONF_SAME_/E3/P64_W32_D256_D2023-02-27_11:44:53/CMakeFiles/CMakeTmp/CheckSymbolExists.c
Linking C executable cmTC_f849f
/ccc/products2/cmake-3.13.3/Atos_7__x86_64/system/default/bin/cmake -E cmake_link_script CMakeFiles/cmTC_f849f.dir/link.txt --verbose=1
/ccc/products/gcc-9.3.0/system/default/bin/gcc      CMakeFiles/cmTC_f849f.dir/CheckSymbolExists.c.o  -o cmTC_f849f 
CMakeFiles/cmTC_f849f.dir/CheckSymbolExists.c.o:CheckSymbolExists.c:function main: error: undefined reference to 'pthread_create'
collect2: error: ld returned 1 exit status
gmake[1]: *** [cmTC_f849f] Error 1
gmake[1]: Leaving directory `/ccc/scratch/cont003/mds/guerouda/DASK_IPCA_WCONF_SAME_/E3/P64_W32_D256_D2023-02-27_11:44:53/CMakeFiles/CMakeTmp'
gmake: *** [cmTC_f849f/fast] Error 2

File /ccc/scratch/cont003/mds/guerouda/DASK_IPCA_WCONF_SAME_/E3/P64_W32_D256_D2023-02-27_11:44:53/CMakeFiles/CMakeTmp/CheckSymbolExists.c:
/* */
#include <pthread.h>

int main(int argc, char** argv)
{
  (void)argv;
#ifndef pthread_create
  return ((int*)(&pthread_create))[argc];
#else
  (void)argc;
  return 0;
#endif
}

Determining if the function pthread_create exists in the pthreads failed with the following output:
Change Dir: /ccc/scratch/cont003/mds/guerouda/DASK_IPCA_WCONF_SAME_/E3/P64_W32_D256_D2023-02-27_11:44:53/CMakeFiles/CMakeTmp

Run Build Command:"/usr/bin/gmake" "cmTC_edf1a/fast"
/usr/bin/gmake -f CMakeFiles/cmTC_edf1a.dir/build.make CMakeFiles/cmTC_edf1a.dir/build
gmake[1]: Entering directory `/ccc/scratch/cont003/mds/guerouda/DASK_IPCA_WCONF_SAME_/E3/P64_W32_D256_D2023-02-27_11:44:53/CMakeFiles/CMakeTmp'
Building C object CMakeFiles/cmTC_edf1a.dir/CheckFunctionExists.c.o
/ccc/products/gcc-9.3.0/system/default/bin/gcc   -DCHECK_FUNCTION_EXISTS=pthread_create   -o CMakeFiles/cmTC_edf1a.dir/CheckFunctionExists.c.o   -c /ccc/products2/cmake-3.13.3/Atos_7__x86_64/system/default/share/cmake-3.13/Modules/CheckFunctionExists.c
Linking C executable cmTC_edf1a
/ccc/products2/cmake-3.13.3/Atos_7__x86_64/system/default/bin/cmake -E cmake_link_script CMakeFiles/cmTC_edf1a.dir/link.txt --verbose=1
/ccc/products/gcc-9.3.0/system/default/bin/gcc  -DCHECK_FUNCTION_EXISTS=pthread_create    CMakeFiles/cmTC_edf1a.dir/CheckFunctionExists.c.o  -o cmTC_edf1a -lpthreads 
/ccc/work/cont003/gen2224/gen2224/spack/var/spack/environments/gysela-deisa-irene-skl-draft/.spack-env/view/bin/ld.gold: error: cannot find -lpthreads
CMakeFiles/cmTC_edf1a.dir/CheckFunctionExists.c.o:CheckFunctionExists.c:function main: error: undefined reference to 'pthread_create'
collect2: error: ld returned 1 exit status
gmake[1]: *** [cmTC_edf1a] Error 1
gmake[1]: Leaving directory `/ccc/scratch/cont003/mds/guerouda/DASK_IPCA_WCONF_SAME_/E3/P64_W32_D256_D2023-02-27_11:44:53/CMakeFiles/CMakeTmp'
gmake: *** [cmTC_edf1a/fast] Error 2


