Detecting C [-std=c11] compiler features failed to compile with the following output:
Change Dir: /ccc/work/cont003/mds/guerouda/deisa_v1/DEISA1_PHD_IPCA/E2P32_W16_D512_D2022-12-13_12:13:18/CMakeFiles/CMakeTmp

Run Build Command:"/usr/bin/gmake" "cmTC_0293e/fast"
/usr/bin/gmake -f CMakeFiles/cmTC_0293e.dir/build.make CMakeFiles/cmTC_0293e.dir/build
gmake[1]: Entering directory `/ccc/work/cont003/mds/guerouda/deisa_v1/DEISA1_PHD_IPCA/E2P32_W16_D512_D2022-12-13_12:13:18/CMakeFiles/CMakeTmp'
CMakeFiles/cmTC_0293e.dir/build.make:64: *** target pattern contains no `%'.  Stop.
gmake[1]: Leaving directory `/ccc/work/cont003/mds/guerouda/deisa_v1/DEISA1_PHD_IPCA/E2P32_W16_D512_D2022-12-13_12:13:18/CMakeFiles/CMakeTmp'
gmake: *** [cmTC_0293e/fast] Error 2



Detecting CXX [-std=c++2a] compiler features failed to compile with the following output:
Change Dir: /ccc/work/cont003/mds/guerouda/deisa_v1/DEISA1_PHD_IPCA/E2P32_W16_D512_D2022-12-13_12:13:18/CMakeFiles/CMakeTmp

Run Build Command:"/usr/bin/gmake" "cmTC_6a5ad/fast"
/usr/bin/gmake -f CMakeFiles/cmTC_6a5ad.dir/build.make CMakeFiles/cmTC_6a5ad.dir/build
gmake[1]: Entering directory `/ccc/work/cont003/mds/guerouda/deisa_v1/DEISA1_PHD_IPCA/E2P32_W16_D512_D2022-12-13_12:13:18/CMakeFiles/CMakeTmp'
CMakeFiles/cmTC_6a5ad.dir/build.make:64: *** target pattern contains no `%'.  Stop.
gmake[1]: Leaving directory `/ccc/work/cont003/mds/guerouda/deisa_v1/DEISA1_PHD_IPCA/E2P32_W16_D512_D2022-12-13_12:13:18/CMakeFiles/CMakeTmp'
gmake: *** [cmTC_6a5ad/fast] Error 2



Determining if the pthread_create exist failed with the following output:
Change Dir: /ccc/work/cont003/mds/guerouda/deisa_v1/DEISA1_PHD_IPCA/E2P32_W16_D512_D2022-12-13_12:13:18/CMakeFiles/CMakeTmp

Run Build Command:"/usr/bin/gmake" "cmTC_0c8ca/fast"
/usr/bin/gmake -f CMakeFiles/cmTC_0c8ca.dir/build.make CMakeFiles/cmTC_0c8ca.dir/build
gmake[1]: Entering directory `/ccc/work/cont003/mds/guerouda/deisa_v1/DEISA1_PHD_IPCA/E2P32_W16_D512_D2022-12-13_12:13:18/CMakeFiles/CMakeTmp'
Building C object CMakeFiles/cmTC_0c8ca.dir/CheckSymbolExists.c.o
/ccc/products/gcc-9.3.0/system/default/bin/gcc    -o CMakeFiles/cmTC_0c8ca.dir/CheckSymbolExists.c.o   -c /ccc/work/cont003/mds/guerouda/deisa_v1/DEISA1_PHD_IPCA/E2P32_W16_D512_D2022-12-13_12:13:18/CMakeFiles/CMakeTmp/CheckSymbolExists.c
Linking C executable cmTC_0c8ca
/ccc/products2/cmake-3.13.3/Atos_7__x86_64/system/default/bin/cmake -E cmake_link_script CMakeFiles/cmTC_0c8ca.dir/link.txt --verbose=1
/ccc/products/gcc-9.3.0/system/default/bin/gcc      CMakeFiles/cmTC_0c8ca.dir/CheckSymbolExists.c.o  -o cmTC_0c8ca 
CMakeFiles/cmTC_0c8ca.dir/CheckSymbolExists.c.o:CheckSymbolExists.c:function main: error: undefined reference to 'pthread_create'
collect2: error: ld returned 1 exit status
gmake[1]: *** [cmTC_0c8ca] Error 1
gmake[1]: Leaving directory `/ccc/work/cont003/mds/guerouda/deisa_v1/DEISA1_PHD_IPCA/E2P32_W16_D512_D2022-12-13_12:13:18/CMakeFiles/CMakeTmp'
gmake: *** [cmTC_0c8ca/fast] Error 2

File /ccc/work/cont003/mds/guerouda/deisa_v1/DEISA1_PHD_IPCA/E2P32_W16_D512_D2022-12-13_12:13:18/CMakeFiles/CMakeTmp/CheckSymbolExists.c:
/* */
#include <pthread.h>

int main(int argc, char** argv)
{
  (void)argv;
#ifndef pthread_create
  return ((int*)(&pthread_create))[argc];
#else
  (void)argc;
  return 0;
#endif
}

Determining if the function pthread_create exists in the pthreads failed with the following output:
Change Dir: /ccc/work/cont003/mds/guerouda/deisa_v1/DEISA1_PHD_IPCA/E2P32_W16_D512_D2022-12-13_12:13:18/CMakeFiles/CMakeTmp

Run Build Command:"/usr/bin/gmake" "cmTC_e0ecf/fast"
/usr/bin/gmake -f CMakeFiles/cmTC_e0ecf.dir/build.make CMakeFiles/cmTC_e0ecf.dir/build
gmake[1]: Entering directory `/ccc/work/cont003/mds/guerouda/deisa_v1/DEISA1_PHD_IPCA/E2P32_W16_D512_D2022-12-13_12:13:18/CMakeFiles/CMakeTmp'
Building C object CMakeFiles/cmTC_e0ecf.dir/CheckFunctionExists.c.o
/ccc/products/gcc-9.3.0/system/default/bin/gcc   -DCHECK_FUNCTION_EXISTS=pthread_create   -o CMakeFiles/cmTC_e0ecf.dir/CheckFunctionExists.c.o   -c /ccc/products2/cmake-3.13.3/Atos_7__x86_64/system/default/share/cmake-3.13/Modules/CheckFunctionExists.c
Linking C executable cmTC_e0ecf
/ccc/products2/cmake-3.13.3/Atos_7__x86_64/system/default/bin/cmake -E cmake_link_script CMakeFiles/cmTC_e0ecf.dir/link.txt --verbose=1
/ccc/products/gcc-9.3.0/system/default/bin/gcc  -DCHECK_FUNCTION_EXISTS=pthread_create    CMakeFiles/cmTC_e0ecf.dir/CheckFunctionExists.c.o  -o cmTC_e0ecf -lpthreads 
/ccc/work/cont003/gen2224/gen2224/spack/var/spack/environments/gysela-deisa-irene-skl-draft/.spack-env/view/bin/ld.gold: error: cannot find -lpthreads
CMakeFiles/cmTC_e0ecf.dir/CheckFunctionExists.c.o:CheckFunctionExists.c:function main: error: undefined reference to 'pthread_create'
collect2: error: ld returned 1 exit status
gmake[1]: *** [cmTC_e0ecf] Error 1
gmake[1]: Leaving directory `/ccc/work/cont003/mds/guerouda/deisa_v1/DEISA1_PHD_IPCA/E2P32_W16_D512_D2022-12-13_12:13:18/CMakeFiles/CMakeTmp'
gmake: *** [cmTC_e0ecf/fast] Error 2


