Detecting C [-std=c11] compiler features failed to compile with the following output:
Change Dir: /ccc/scratch/cont003/mds/guerouda/DASK_PHD_IPCA_FIN/E2/P32_W16_D256_D2022-12-13_13:51:11/CMakeFiles/CMakeTmp

Run Build Command:"/usr/bin/gmake" "cmTC_10395/fast"
/usr/bin/gmake -f CMakeFiles/cmTC_10395.dir/build.make CMakeFiles/cmTC_10395.dir/build
gmake[1]: Entering directory `/ccc/scratch/cont003/mds/guerouda/DASK_PHD_IPCA_FIN/E2/P32_W16_D256_D2022-12-13_13:51:11/CMakeFiles/CMakeTmp'
CMakeFiles/cmTC_10395.dir/build.make:64: *** target pattern contains no `%'.  Stop.
gmake[1]: Leaving directory `/ccc/scratch/cont003/mds/guerouda/DASK_PHD_IPCA_FIN/E2/P32_W16_D256_D2022-12-13_13:51:11/CMakeFiles/CMakeTmp'
gmake: *** [cmTC_10395/fast] Error 2



Detecting CXX [-std=c++2a] compiler features failed to compile with the following output:
Change Dir: /ccc/scratch/cont003/mds/guerouda/DASK_PHD_IPCA_FIN/E2/P32_W16_D256_D2022-12-13_13:51:11/CMakeFiles/CMakeTmp

Run Build Command:"/usr/bin/gmake" "cmTC_92c3c/fast"
/usr/bin/gmake -f CMakeFiles/cmTC_92c3c.dir/build.make CMakeFiles/cmTC_92c3c.dir/build
gmake[1]: Entering directory `/ccc/scratch/cont003/mds/guerouda/DASK_PHD_IPCA_FIN/E2/P32_W16_D256_D2022-12-13_13:51:11/CMakeFiles/CMakeTmp'
CMakeFiles/cmTC_92c3c.dir/build.make:64: *** target pattern contains no `%'.  Stop.
gmake[1]: Leaving directory `/ccc/scratch/cont003/mds/guerouda/DASK_PHD_IPCA_FIN/E2/P32_W16_D256_D2022-12-13_13:51:11/CMakeFiles/CMakeTmp'
gmake: *** [cmTC_92c3c/fast] Error 2



Determining if the pthread_create exist failed with the following output:
Change Dir: /ccc/scratch/cont003/mds/guerouda/DASK_PHD_IPCA_FIN/E2/P32_W16_D256_D2022-12-13_13:51:11/CMakeFiles/CMakeTmp

Run Build Command:"/usr/bin/gmake" "cmTC_6a09c/fast"
/usr/bin/gmake -f CMakeFiles/cmTC_6a09c.dir/build.make CMakeFiles/cmTC_6a09c.dir/build
gmake[1]: Entering directory `/ccc/scratch/cont003/mds/guerouda/DASK_PHD_IPCA_FIN/E2/P32_W16_D256_D2022-12-13_13:51:11/CMakeFiles/CMakeTmp'
Building C object CMakeFiles/cmTC_6a09c.dir/CheckSymbolExists.c.o
/ccc/products/gcc-9.3.0/system/default/bin/gcc    -o CMakeFiles/cmTC_6a09c.dir/CheckSymbolExists.c.o   -c /ccc/scratch/cont003/mds/guerouda/DASK_PHD_IPCA_FIN/E2/P32_W16_D256_D2022-12-13_13:51:11/CMakeFiles/CMakeTmp/CheckSymbolExists.c
Linking C executable cmTC_6a09c
/ccc/products2/cmake-3.13.3/Atos_7__x86_64/system/default/bin/cmake -E cmake_link_script CMakeFiles/cmTC_6a09c.dir/link.txt --verbose=1
/ccc/products/gcc-9.3.0/system/default/bin/gcc      CMakeFiles/cmTC_6a09c.dir/CheckSymbolExists.c.o  -o cmTC_6a09c 
CMakeFiles/cmTC_6a09c.dir/CheckSymbolExists.c.o:CheckSymbolExists.c:function main: error: undefined reference to 'pthread_create'
collect2: error: ld returned 1 exit status
gmake[1]: *** [cmTC_6a09c] Error 1
gmake[1]: Leaving directory `/ccc/scratch/cont003/mds/guerouda/DASK_PHD_IPCA_FIN/E2/P32_W16_D256_D2022-12-13_13:51:11/CMakeFiles/CMakeTmp'
gmake: *** [cmTC_6a09c/fast] Error 2

File /ccc/scratch/cont003/mds/guerouda/DASK_PHD_IPCA_FIN/E2/P32_W16_D256_D2022-12-13_13:51:11/CMakeFiles/CMakeTmp/CheckSymbolExists.c:
/* */
#include <pthread.h>

int main(int argc, char** argv)
{
  (void)argv;
#ifndef pthread_create
  return ((int*)(&pthread_create))[argc];
#else
  (void)argc;
  return 0;
#endif
}

Determining if the function pthread_create exists in the pthreads failed with the following output:
Change Dir: /ccc/scratch/cont003/mds/guerouda/DASK_PHD_IPCA_FIN/E2/P32_W16_D256_D2022-12-13_13:51:11/CMakeFiles/CMakeTmp

Run Build Command:"/usr/bin/gmake" "cmTC_3c4d5/fast"
/usr/bin/gmake -f CMakeFiles/cmTC_3c4d5.dir/build.make CMakeFiles/cmTC_3c4d5.dir/build
gmake[1]: Entering directory `/ccc/scratch/cont003/mds/guerouda/DASK_PHD_IPCA_FIN/E2/P32_W16_D256_D2022-12-13_13:51:11/CMakeFiles/CMakeTmp'
Building C object CMakeFiles/cmTC_3c4d5.dir/CheckFunctionExists.c.o
/ccc/products/gcc-9.3.0/system/default/bin/gcc   -DCHECK_FUNCTION_EXISTS=pthread_create   -o CMakeFiles/cmTC_3c4d5.dir/CheckFunctionExists.c.o   -c /ccc/products2/cmake-3.13.3/Atos_7__x86_64/system/default/share/cmake-3.13/Modules/CheckFunctionExists.c
Linking C executable cmTC_3c4d5
/ccc/products2/cmake-3.13.3/Atos_7__x86_64/system/default/bin/cmake -E cmake_link_script CMakeFiles/cmTC_3c4d5.dir/link.txt --verbose=1
/ccc/products/gcc-9.3.0/system/default/bin/gcc  -DCHECK_FUNCTION_EXISTS=pthread_create    CMakeFiles/cmTC_3c4d5.dir/CheckFunctionExists.c.o  -o cmTC_3c4d5 -lpthreads 
/ccc/work/cont003/gen2224/gen2224/spack/var/spack/environments/gysela-deisa-irene-skl-draft/.spack-env/view/bin/ld.gold: error: cannot find -lpthreads
CMakeFiles/cmTC_3c4d5.dir/CheckFunctionExists.c.o:CheckFunctionExists.c:function main: error: undefined reference to 'pthread_create'
collect2: error: ld returned 1 exit status
gmake[1]: *** [cmTC_3c4d5] Error 1
gmake[1]: Leaving directory `/ccc/scratch/cont003/mds/guerouda/DASK_PHD_IPCA_FIN/E2/P32_W16_D256_D2022-12-13_13:51:11/CMakeFiles/CMakeTmp'
gmake: *** [cmTC_3c4d5/fast] Error 2


