Detecting C [-std=c11] compiler features failed to compile with the following output:
Change Dir: /ccc/scratch/cont003/mds/guerouda/DEISA_V2_DERIVATIVE_WCONFIG_OMP_HEART_PERF/E1/P32_W16_D512_D2023-03-01_14:12:28/CMakeFiles/CMakeTmp

Run Build Command:"/usr/bin/gmake" "cmTC_8661f/fast"
/usr/bin/gmake -f CMakeFiles/cmTC_8661f.dir/build.make CMakeFiles/cmTC_8661f.dir/build
gmake[1]: Entering directory `/ccc/scratch/cont003/mds/guerouda/DEISA_V2_DERIVATIVE_WCONFIG_OMP_HEART_PERF/E1/P32_W16_D512_D2023-03-01_14:12:28/CMakeFiles/CMakeTmp'
CMakeFiles/cmTC_8661f.dir/build.make:64: *** target pattern contains no `%'.  Stop.
gmake[1]: Leaving directory `/ccc/scratch/cont003/mds/guerouda/DEISA_V2_DERIVATIVE_WCONFIG_OMP_HEART_PERF/E1/P32_W16_D512_D2023-03-01_14:12:28/CMakeFiles/CMakeTmp'
gmake: *** [cmTC_8661f/fast] Error 2



Detecting CXX [-std=c++2a] compiler features failed to compile with the following output:
Change Dir: /ccc/scratch/cont003/mds/guerouda/DEISA_V2_DERIVATIVE_WCONFIG_OMP_HEART_PERF/E1/P32_W16_D512_D2023-03-01_14:12:28/CMakeFiles/CMakeTmp

Run Build Command:"/usr/bin/gmake" "cmTC_aeced/fast"
/usr/bin/gmake -f CMakeFiles/cmTC_aeced.dir/build.make CMakeFiles/cmTC_aeced.dir/build
gmake[1]: Entering directory `/ccc/scratch/cont003/mds/guerouda/DEISA_V2_DERIVATIVE_WCONFIG_OMP_HEART_PERF/E1/P32_W16_D512_D2023-03-01_14:12:28/CMakeFiles/CMakeTmp'
CMakeFiles/cmTC_aeced.dir/build.make:64: *** target pattern contains no `%'.  Stop.
gmake[1]: Leaving directory `/ccc/scratch/cont003/mds/guerouda/DEISA_V2_DERIVATIVE_WCONFIG_OMP_HEART_PERF/E1/P32_W16_D512_D2023-03-01_14:12:28/CMakeFiles/CMakeTmp'
gmake: *** [cmTC_aeced/fast] Error 2



Determining if the pthread_create exist failed with the following output:
Change Dir: /ccc/scratch/cont003/mds/guerouda/DEISA_V2_DERIVATIVE_WCONFIG_OMP_HEART_PERF/E1/P32_W16_D512_D2023-03-01_14:12:28/CMakeFiles/CMakeTmp

Run Build Command:"/usr/bin/gmake" "cmTC_d1b59/fast"
/usr/bin/gmake -f CMakeFiles/cmTC_d1b59.dir/build.make CMakeFiles/cmTC_d1b59.dir/build
gmake[1]: Entering directory `/ccc/scratch/cont003/mds/guerouda/DEISA_V2_DERIVATIVE_WCONFIG_OMP_HEART_PERF/E1/P32_W16_D512_D2023-03-01_14:12:28/CMakeFiles/CMakeTmp'
Building C object CMakeFiles/cmTC_d1b59.dir/CheckSymbolExists.c.o
/ccc/products/gcc-9.3.0/system/default/bin/gcc    -o CMakeFiles/cmTC_d1b59.dir/CheckSymbolExists.c.o   -c /ccc/scratch/cont003/mds/guerouda/DEISA_V2_DERIVATIVE_WCONFIG_OMP_HEART_PERF/E1/P32_W16_D512_D2023-03-01_14:12:28/CMakeFiles/CMakeTmp/CheckSymbolExists.c
Linking C executable cmTC_d1b59
/ccc/products2/cmake-3.13.3/Atos_7__x86_64/system/default/bin/cmake -E cmake_link_script CMakeFiles/cmTC_d1b59.dir/link.txt --verbose=1
/ccc/products/gcc-9.3.0/system/default/bin/gcc      CMakeFiles/cmTC_d1b59.dir/CheckSymbolExists.c.o  -o cmTC_d1b59 
CMakeFiles/cmTC_d1b59.dir/CheckSymbolExists.c.o:CheckSymbolExists.c:function main: error: undefined reference to 'pthread_create'
collect2: error: ld returned 1 exit status
gmake[1]: *** [cmTC_d1b59] Error 1
gmake[1]: Leaving directory `/ccc/scratch/cont003/mds/guerouda/DEISA_V2_DERIVATIVE_WCONFIG_OMP_HEART_PERF/E1/P32_W16_D512_D2023-03-01_14:12:28/CMakeFiles/CMakeTmp'
gmake: *** [cmTC_d1b59/fast] Error 2

File /ccc/scratch/cont003/mds/guerouda/DEISA_V2_DERIVATIVE_WCONFIG_OMP_HEART_PERF/E1/P32_W16_D512_D2023-03-01_14:12:28/CMakeFiles/CMakeTmp/CheckSymbolExists.c:
/* */
#include <pthread.h>

int main(int argc, char** argv)
{
  (void)argv;
#ifndef pthread_create
  return ((int*)(&pthread_create))[argc];
#else
  (void)argc;
  return 0;
#endif
}

Determining if the function pthread_create exists in the pthreads failed with the following output:
Change Dir: /ccc/scratch/cont003/mds/guerouda/DEISA_V2_DERIVATIVE_WCONFIG_OMP_HEART_PERF/E1/P32_W16_D512_D2023-03-01_14:12:28/CMakeFiles/CMakeTmp

Run Build Command:"/usr/bin/gmake" "cmTC_b334e/fast"
/usr/bin/gmake -f CMakeFiles/cmTC_b334e.dir/build.make CMakeFiles/cmTC_b334e.dir/build
gmake[1]: Entering directory `/ccc/scratch/cont003/mds/guerouda/DEISA_V2_DERIVATIVE_WCONFIG_OMP_HEART_PERF/E1/P32_W16_D512_D2023-03-01_14:12:28/CMakeFiles/CMakeTmp'
Building C object CMakeFiles/cmTC_b334e.dir/CheckFunctionExists.c.o
/ccc/products/gcc-9.3.0/system/default/bin/gcc   -DCHECK_FUNCTION_EXISTS=pthread_create   -o CMakeFiles/cmTC_b334e.dir/CheckFunctionExists.c.o   -c /ccc/products2/cmake-3.13.3/Atos_7__x86_64/system/default/share/cmake-3.13/Modules/CheckFunctionExists.c
Linking C executable cmTC_b334e
/ccc/products2/cmake-3.13.3/Atos_7__x86_64/system/default/bin/cmake -E cmake_link_script CMakeFiles/cmTC_b334e.dir/link.txt --verbose=1
/ccc/products/gcc-9.3.0/system/default/bin/gcc  -DCHECK_FUNCTION_EXISTS=pthread_create    CMakeFiles/cmTC_b334e.dir/CheckFunctionExists.c.o  -o cmTC_b334e -lpthreads 
/ccc/work/cont003/gen2224/gen2224/spack/var/spack/environments/gysela-deisa-irene-skl-draft/.spack-env/view/bin/ld.gold: error: cannot find -lpthreads
CMakeFiles/cmTC_b334e.dir/CheckFunctionExists.c.o:CheckFunctionExists.c:function main: error: undefined reference to 'pthread_create'
collect2: error: ld returned 1 exit status
gmake[1]: *** [cmTC_b334e] Error 1
gmake[1]: Leaving directory `/ccc/scratch/cont003/mds/guerouda/DEISA_V2_DERIVATIVE_WCONFIG_OMP_HEART_PERF/E1/P32_W16_D512_D2023-03-01_14:12:28/CMakeFiles/CMakeTmp'
gmake: *** [cmTC_b334e/fast] Error 2


