Detecting C [-std=c11] compiler features failed to compile with the following output:
Change Dir: /ccc/work/cont003/mds/guerouda/deisa_v1/DEISA1_PHD_IPCA/E1P128_W64_D256_D2022-12-13_12:11:55/CMakeFiles/CMakeTmp

Run Build Command:"/usr/bin/gmake" "cmTC_1ed02/fast"
/usr/bin/gmake -f CMakeFiles/cmTC_1ed02.dir/build.make CMakeFiles/cmTC_1ed02.dir/build
gmake[1]: Entering directory `/ccc/work/cont003/mds/guerouda/deisa_v1/DEISA1_PHD_IPCA/E1P128_W64_D256_D2022-12-13_12:11:55/CMakeFiles/CMakeTmp'
CMakeFiles/cmTC_1ed02.dir/build.make:64: *** target pattern contains no `%'.  Stop.
gmake[1]: Leaving directory `/ccc/work/cont003/mds/guerouda/deisa_v1/DEISA1_PHD_IPCA/E1P128_W64_D256_D2022-12-13_12:11:55/CMakeFiles/CMakeTmp'
gmake: *** [cmTC_1ed02/fast] Error 2



Detecting CXX [-std=c++2a] compiler features failed to compile with the following output:
Change Dir: /ccc/work/cont003/mds/guerouda/deisa_v1/DEISA1_PHD_IPCA/E1P128_W64_D256_D2022-12-13_12:11:55/CMakeFiles/CMakeTmp

Run Build Command:"/usr/bin/gmake" "cmTC_fceaf/fast"
/usr/bin/gmake -f CMakeFiles/cmTC_fceaf.dir/build.make CMakeFiles/cmTC_fceaf.dir/build
gmake[1]: Entering directory `/ccc/work/cont003/mds/guerouda/deisa_v1/DEISA1_PHD_IPCA/E1P128_W64_D256_D2022-12-13_12:11:55/CMakeFiles/CMakeTmp'
CMakeFiles/cmTC_fceaf.dir/build.make:64: *** target pattern contains no `%'.  Stop.
gmake[1]: Leaving directory `/ccc/work/cont003/mds/guerouda/deisa_v1/DEISA1_PHD_IPCA/E1P128_W64_D256_D2022-12-13_12:11:55/CMakeFiles/CMakeTmp'
gmake: *** [cmTC_fceaf/fast] Error 2



Determining if the pthread_create exist failed with the following output:
Change Dir: /ccc/work/cont003/mds/guerouda/deisa_v1/DEISA1_PHD_IPCA/E1P128_W64_D256_D2022-12-13_12:11:55/CMakeFiles/CMakeTmp

Run Build Command:"/usr/bin/gmake" "cmTC_e1096/fast"
/usr/bin/gmake -f CMakeFiles/cmTC_e1096.dir/build.make CMakeFiles/cmTC_e1096.dir/build
gmake[1]: Entering directory `/ccc/work/cont003/mds/guerouda/deisa_v1/DEISA1_PHD_IPCA/E1P128_W64_D256_D2022-12-13_12:11:55/CMakeFiles/CMakeTmp'
Building C object CMakeFiles/cmTC_e1096.dir/CheckSymbolExists.c.o
/ccc/products/gcc-9.3.0/system/default/bin/gcc    -o CMakeFiles/cmTC_e1096.dir/CheckSymbolExists.c.o   -c /ccc/work/cont003/mds/guerouda/deisa_v1/DEISA1_PHD_IPCA/E1P128_W64_D256_D2022-12-13_12:11:55/CMakeFiles/CMakeTmp/CheckSymbolExists.c
Linking C executable cmTC_e1096
/ccc/products2/cmake-3.13.3/Atos_7__x86_64/system/default/bin/cmake -E cmake_link_script CMakeFiles/cmTC_e1096.dir/link.txt --verbose=1
/ccc/products/gcc-9.3.0/system/default/bin/gcc      CMakeFiles/cmTC_e1096.dir/CheckSymbolExists.c.o  -o cmTC_e1096 
CMakeFiles/cmTC_e1096.dir/CheckSymbolExists.c.o:CheckSymbolExists.c:function main: error: undefined reference to 'pthread_create'
collect2: error: ld returned 1 exit status
gmake[1]: *** [cmTC_e1096] Error 1
gmake[1]: Leaving directory `/ccc/work/cont003/mds/guerouda/deisa_v1/DEISA1_PHD_IPCA/E1P128_W64_D256_D2022-12-13_12:11:55/CMakeFiles/CMakeTmp'
gmake: *** [cmTC_e1096/fast] Error 2

File /ccc/work/cont003/mds/guerouda/deisa_v1/DEISA1_PHD_IPCA/E1P128_W64_D256_D2022-12-13_12:11:55/CMakeFiles/CMakeTmp/CheckSymbolExists.c:
/* */
#include <pthread.h>

int main(int argc, char** argv)
{
  (void)argv;
#ifndef pthread_create
  return ((int*)(&pthread_create))[argc];
#else
  (void)argc;
  return 0;
#endif
}

Determining if the function pthread_create exists in the pthreads failed with the following output:
Change Dir: /ccc/work/cont003/mds/guerouda/deisa_v1/DEISA1_PHD_IPCA/E1P128_W64_D256_D2022-12-13_12:11:55/CMakeFiles/CMakeTmp

Run Build Command:"/usr/bin/gmake" "cmTC_d62e8/fast"
/usr/bin/gmake -f CMakeFiles/cmTC_d62e8.dir/build.make CMakeFiles/cmTC_d62e8.dir/build
gmake[1]: Entering directory `/ccc/work/cont003/mds/guerouda/deisa_v1/DEISA1_PHD_IPCA/E1P128_W64_D256_D2022-12-13_12:11:55/CMakeFiles/CMakeTmp'
Building C object CMakeFiles/cmTC_d62e8.dir/CheckFunctionExists.c.o
/ccc/products/gcc-9.3.0/system/default/bin/gcc   -DCHECK_FUNCTION_EXISTS=pthread_create   -o CMakeFiles/cmTC_d62e8.dir/CheckFunctionExists.c.o   -c /ccc/products2/cmake-3.13.3/Atos_7__x86_64/system/default/share/cmake-3.13/Modules/CheckFunctionExists.c
Linking C executable cmTC_d62e8
/ccc/products2/cmake-3.13.3/Atos_7__x86_64/system/default/bin/cmake -E cmake_link_script CMakeFiles/cmTC_d62e8.dir/link.txt --verbose=1
/ccc/products/gcc-9.3.0/system/default/bin/gcc  -DCHECK_FUNCTION_EXISTS=pthread_create    CMakeFiles/cmTC_d62e8.dir/CheckFunctionExists.c.o  -o cmTC_d62e8 -lpthreads 
/ccc/work/cont003/gen2224/gen2224/spack/var/spack/environments/gysela-deisa-irene-skl-draft/.spack-env/view/bin/ld.gold: error: cannot find -lpthreads
CMakeFiles/cmTC_d62e8.dir/CheckFunctionExists.c.o:CheckFunctionExists.c:function main: error: undefined reference to 'pthread_create'
collect2: error: ld returned 1 exit status
gmake[1]: *** [cmTC_d62e8] Error 1
gmake[1]: Leaving directory `/ccc/work/cont003/mds/guerouda/deisa_v1/DEISA1_PHD_IPCA/E1P128_W64_D256_D2022-12-13_12:11:55/CMakeFiles/CMakeTmp'
gmake: *** [cmTC_d62e8/fast] Error 2


