Detecting C [-std=c11] compiler features failed to compile with the following output:
Change Dir: /ccc/work/cont003/mds/guerouda/deisa_v3/DEISA_PHD_FIN/E3/P16_W8_D1_D2022-12-12_14:53:12/CMakeFiles/CMakeTmp

Run Build Command:"/usr/bin/gmake" "cmTC_dc099/fast"
/usr/bin/gmake -f CMakeFiles/cmTC_dc099.dir/build.make CMakeFiles/cmTC_dc099.dir/build
gmake[1]: Entering directory `/ccc/work/cont003/mds/guerouda/deisa_v3/DEISA_PHD_FIN/E3/P16_W8_D1_D2022-12-12_14:53:12/CMakeFiles/CMakeTmp'
CMakeFiles/cmTC_dc099.dir/build.make:64: *** target pattern contains no `%'.  Stop.
gmake[1]: Leaving directory `/ccc/work/cont003/mds/guerouda/deisa_v3/DEISA_PHD_FIN/E3/P16_W8_D1_D2022-12-12_14:53:12/CMakeFiles/CMakeTmp'
gmake: *** [cmTC_dc099/fast] Error 2



Detecting CXX [-std=c++2a] compiler features failed to compile with the following output:
Change Dir: /ccc/work/cont003/mds/guerouda/deisa_v3/DEISA_PHD_FIN/E3/P16_W8_D1_D2022-12-12_14:53:12/CMakeFiles/CMakeTmp

Run Build Command:"/usr/bin/gmake" "cmTC_4fbb2/fast"
/usr/bin/gmake -f CMakeFiles/cmTC_4fbb2.dir/build.make CMakeFiles/cmTC_4fbb2.dir/build
gmake[1]: Entering directory `/ccc/work/cont003/mds/guerouda/deisa_v3/DEISA_PHD_FIN/E3/P16_W8_D1_D2022-12-12_14:53:12/CMakeFiles/CMakeTmp'
CMakeFiles/cmTC_4fbb2.dir/build.make:64: *** target pattern contains no `%'.  Stop.
gmake[1]: Leaving directory `/ccc/work/cont003/mds/guerouda/deisa_v3/DEISA_PHD_FIN/E3/P16_W8_D1_D2022-12-12_14:53:12/CMakeFiles/CMakeTmp'
gmake: *** [cmTC_4fbb2/fast] Error 2



Determining if the pthread_create exist failed with the following output:
Change Dir: /ccc/work/cont003/mds/guerouda/deisa_v3/DEISA_PHD_FIN/E3/P16_W8_D1_D2022-12-12_14:53:12/CMakeFiles/CMakeTmp

Run Build Command:"/usr/bin/gmake" "cmTC_32b64/fast"
/usr/bin/gmake -f CMakeFiles/cmTC_32b64.dir/build.make CMakeFiles/cmTC_32b64.dir/build
gmake[1]: Entering directory `/ccc/work/cont003/mds/guerouda/deisa_v3/DEISA_PHD_FIN/E3/P16_W8_D1_D2022-12-12_14:53:12/CMakeFiles/CMakeTmp'
Building C object CMakeFiles/cmTC_32b64.dir/CheckSymbolExists.c.o
/ccc/products/gcc-9.3.0/system/default/bin/gcc    -o CMakeFiles/cmTC_32b64.dir/CheckSymbolExists.c.o   -c /ccc/work/cont003/mds/guerouda/deisa_v3/DEISA_PHD_FIN/E3/P16_W8_D1_D2022-12-12_14:53:12/CMakeFiles/CMakeTmp/CheckSymbolExists.c
Linking C executable cmTC_32b64
/ccc/products2/cmake-3.13.3/Atos_7__x86_64/system/default/bin/cmake -E cmake_link_script CMakeFiles/cmTC_32b64.dir/link.txt --verbose=1
/ccc/products/gcc-9.3.0/system/default/bin/gcc      CMakeFiles/cmTC_32b64.dir/CheckSymbolExists.c.o  -o cmTC_32b64 
CMakeFiles/cmTC_32b64.dir/CheckSymbolExists.c.o:CheckSymbolExists.c:function main: error: undefined reference to 'pthread_create'
collect2: error: ld returned 1 exit status
gmake[1]: *** [cmTC_32b64] Error 1
gmake[1]: Leaving directory `/ccc/work/cont003/mds/guerouda/deisa_v3/DEISA_PHD_FIN/E3/P16_W8_D1_D2022-12-12_14:53:12/CMakeFiles/CMakeTmp'
gmake: *** [cmTC_32b64/fast] Error 2

File /ccc/work/cont003/mds/guerouda/deisa_v3/DEISA_PHD_FIN/E3/P16_W8_D1_D2022-12-12_14:53:12/CMakeFiles/CMakeTmp/CheckSymbolExists.c:
/* */
#include <pthread.h>

int main(int argc, char** argv)
{
  (void)argv;
#ifndef pthread_create
  return ((int*)(&pthread_create))[argc];
#else
  (void)argc;
  return 0;
#endif
}

Determining if the function pthread_create exists in the pthreads failed with the following output:
Change Dir: /ccc/work/cont003/mds/guerouda/deisa_v3/DEISA_PHD_FIN/E3/P16_W8_D1_D2022-12-12_14:53:12/CMakeFiles/CMakeTmp

Run Build Command:"/usr/bin/gmake" "cmTC_eeab7/fast"
/usr/bin/gmake -f CMakeFiles/cmTC_eeab7.dir/build.make CMakeFiles/cmTC_eeab7.dir/build
gmake[1]: Entering directory `/ccc/work/cont003/mds/guerouda/deisa_v3/DEISA_PHD_FIN/E3/P16_W8_D1_D2022-12-12_14:53:12/CMakeFiles/CMakeTmp'
Building C object CMakeFiles/cmTC_eeab7.dir/CheckFunctionExists.c.o
/ccc/products/gcc-9.3.0/system/default/bin/gcc   -DCHECK_FUNCTION_EXISTS=pthread_create   -o CMakeFiles/cmTC_eeab7.dir/CheckFunctionExists.c.o   -c /ccc/products2/cmake-3.13.3/Atos_7__x86_64/system/default/share/cmake-3.13/Modules/CheckFunctionExists.c
Linking C executable cmTC_eeab7
/ccc/products2/cmake-3.13.3/Atos_7__x86_64/system/default/bin/cmake -E cmake_link_script CMakeFiles/cmTC_eeab7.dir/link.txt --verbose=1
/ccc/products/gcc-9.3.0/system/default/bin/gcc  -DCHECK_FUNCTION_EXISTS=pthread_create    CMakeFiles/cmTC_eeab7.dir/CheckFunctionExists.c.o  -o cmTC_eeab7 -lpthreads 
/ccc/work/cont003/gen2224/gen2224/spack/var/spack/environments/gysela-deisa-irene-skl-draft/.spack-env/view/bin/ld.gold: error: cannot find -lpthreads
CMakeFiles/cmTC_eeab7.dir/CheckFunctionExists.c.o:CheckFunctionExists.c:function main: error: undefined reference to 'pthread_create'
collect2: error: ld returned 1 exit status
gmake[1]: *** [cmTC_eeab7] Error 1
gmake[1]: Leaving directory `/ccc/work/cont003/mds/guerouda/deisa_v3/DEISA_PHD_FIN/E3/P16_W8_D1_D2022-12-12_14:53:12/CMakeFiles/CMakeTmp'
gmake: *** [cmTC_eeab7/fast] Error 2


