Detecting C [-std=c11] compiler features failed to compile with the following output:
Change Dir: /ccc/scratch/cont003/mds/guerouda/DASK_IPCA_WCONF_SAME_/E2/P64_W32_D128_D2023-02-27_11:43:21/CMakeFiles/CMakeTmp

Run Build Command:"/usr/bin/gmake" "cmTC_b1f37/fast"
/usr/bin/gmake -f CMakeFiles/cmTC_b1f37.dir/build.make CMakeFiles/cmTC_b1f37.dir/build
gmake[1]: Entering directory `/ccc/scratch/cont003/mds/guerouda/DASK_IPCA_WCONF_SAME_/E2/P64_W32_D128_D2023-02-27_11:43:21/CMakeFiles/CMakeTmp'
CMakeFiles/cmTC_b1f37.dir/build.make:64: *** target pattern contains no `%'.  Stop.
gmake[1]: Leaving directory `/ccc/scratch/cont003/mds/guerouda/DASK_IPCA_WCONF_SAME_/E2/P64_W32_D128_D2023-02-27_11:43:21/CMakeFiles/CMakeTmp'
gmake: *** [cmTC_b1f37/fast] Error 2



Detecting CXX [-std=c++2a] compiler features failed to compile with the following output:
Change Dir: /ccc/scratch/cont003/mds/guerouda/DASK_IPCA_WCONF_SAME_/E2/P64_W32_D128_D2023-02-27_11:43:21/CMakeFiles/CMakeTmp

Run Build Command:"/usr/bin/gmake" "cmTC_e4c99/fast"
/usr/bin/gmake -f CMakeFiles/cmTC_e4c99.dir/build.make CMakeFiles/cmTC_e4c99.dir/build
gmake[1]: Entering directory `/ccc/scratch/cont003/mds/guerouda/DASK_IPCA_WCONF_SAME_/E2/P64_W32_D128_D2023-02-27_11:43:21/CMakeFiles/CMakeTmp'
CMakeFiles/cmTC_e4c99.dir/build.make:64: *** target pattern contains no `%'.  Stop.
gmake[1]: Leaving directory `/ccc/scratch/cont003/mds/guerouda/DASK_IPCA_WCONF_SAME_/E2/P64_W32_D128_D2023-02-27_11:43:21/CMakeFiles/CMakeTmp'
gmake: *** [cmTC_e4c99/fast] Error 2



Determining if the pthread_create exist failed with the following output:
Change Dir: /ccc/scratch/cont003/mds/guerouda/DASK_IPCA_WCONF_SAME_/E2/P64_W32_D128_D2023-02-27_11:43:21/CMakeFiles/CMakeTmp

Run Build Command:"/usr/bin/gmake" "cmTC_0faaa/fast"
/usr/bin/gmake -f CMakeFiles/cmTC_0faaa.dir/build.make CMakeFiles/cmTC_0faaa.dir/build
gmake[1]: Entering directory `/ccc/scratch/cont003/mds/guerouda/DASK_IPCA_WCONF_SAME_/E2/P64_W32_D128_D2023-02-27_11:43:21/CMakeFiles/CMakeTmp'
Building C object CMakeFiles/cmTC_0faaa.dir/CheckSymbolExists.c.o
/ccc/products/gcc-9.3.0/system/default/bin/gcc    -o CMakeFiles/cmTC_0faaa.dir/CheckSymbolExists.c.o   -c /ccc/scratch/cont003/mds/guerouda/DASK_IPCA_WCONF_SAME_/E2/P64_W32_D128_D2023-02-27_11:43:21/CMakeFiles/CMakeTmp/CheckSymbolExists.c
Linking C executable cmTC_0faaa
/ccc/products2/cmake-3.13.3/Atos_7__x86_64/system/default/bin/cmake -E cmake_link_script CMakeFiles/cmTC_0faaa.dir/link.txt --verbose=1
/ccc/products/gcc-9.3.0/system/default/bin/gcc      CMakeFiles/cmTC_0faaa.dir/CheckSymbolExists.c.o  -o cmTC_0faaa 
CMakeFiles/cmTC_0faaa.dir/CheckSymbolExists.c.o:CheckSymbolExists.c:function main: error: undefined reference to 'pthread_create'
collect2: error: ld returned 1 exit status
gmake[1]: *** [cmTC_0faaa] Error 1
gmake[1]: Leaving directory `/ccc/scratch/cont003/mds/guerouda/DASK_IPCA_WCONF_SAME_/E2/P64_W32_D128_D2023-02-27_11:43:21/CMakeFiles/CMakeTmp'
gmake: *** [cmTC_0faaa/fast] Error 2

File /ccc/scratch/cont003/mds/guerouda/DASK_IPCA_WCONF_SAME_/E2/P64_W32_D128_D2023-02-27_11:43:21/CMakeFiles/CMakeTmp/CheckSymbolExists.c:
/* */
#include <pthread.h>

int main(int argc, char** argv)
{
  (void)argv;
#ifndef pthread_create
  return ((int*)(&pthread_create))[argc];
#else
  (void)argc;
  return 0;
#endif
}

Determining if the function pthread_create exists in the pthreads failed with the following output:
Change Dir: /ccc/scratch/cont003/mds/guerouda/DASK_IPCA_WCONF_SAME_/E2/P64_W32_D128_D2023-02-27_11:43:21/CMakeFiles/CMakeTmp

Run Build Command:"/usr/bin/gmake" "cmTC_44805/fast"
/usr/bin/gmake -f CMakeFiles/cmTC_44805.dir/build.make CMakeFiles/cmTC_44805.dir/build
gmake[1]: Entering directory `/ccc/scratch/cont003/mds/guerouda/DASK_IPCA_WCONF_SAME_/E2/P64_W32_D128_D2023-02-27_11:43:21/CMakeFiles/CMakeTmp'
Building C object CMakeFiles/cmTC_44805.dir/CheckFunctionExists.c.o
/ccc/products/gcc-9.3.0/system/default/bin/gcc   -DCHECK_FUNCTION_EXISTS=pthread_create   -o CMakeFiles/cmTC_44805.dir/CheckFunctionExists.c.o   -c /ccc/products2/cmake-3.13.3/Atos_7__x86_64/system/default/share/cmake-3.13/Modules/CheckFunctionExists.c
Linking C executable cmTC_44805
/ccc/products2/cmake-3.13.3/Atos_7__x86_64/system/default/bin/cmake -E cmake_link_script CMakeFiles/cmTC_44805.dir/link.txt --verbose=1
/ccc/products/gcc-9.3.0/system/default/bin/gcc  -DCHECK_FUNCTION_EXISTS=pthread_create    CMakeFiles/cmTC_44805.dir/CheckFunctionExists.c.o  -o cmTC_44805 -lpthreads 
/ccc/work/cont003/gen2224/gen2224/spack/var/spack/environments/gysela-deisa-irene-skl-draft/.spack-env/view/bin/ld.gold: error: cannot find -lpthreads
CMakeFiles/cmTC_44805.dir/CheckFunctionExists.c.o:CheckFunctionExists.c:function main: error: undefined reference to 'pthread_create'
collect2: error: ld returned 1 exit status
gmake[1]: *** [cmTC_44805] Error 1
gmake[1]: Leaving directory `/ccc/scratch/cont003/mds/guerouda/DASK_IPCA_WCONF_SAME_/E2/P64_W32_D128_D2023-02-27_11:43:21/CMakeFiles/CMakeTmp'
gmake: *** [cmTC_44805/fast] Error 2


