Detecting C [-std=c11] compiler features failed to compile with the following output:
Change Dir: /ccc/scratch/cont003/mds/guerouda/DEISA_V2_DERIVATIVE_WCONFIG_OMP_HEART_PERF/E3/P8_W4_D512_D2023-03-01_14:16:55/CMakeFiles/CMakeTmp

Run Build Command:"/usr/bin/gmake" "cmTC_edefe/fast"
/usr/bin/gmake -f CMakeFiles/cmTC_edefe.dir/build.make CMakeFiles/cmTC_edefe.dir/build
gmake[1]: Entering directory `/ccc/scratch/cont003/mds/guerouda/DEISA_V2_DERIVATIVE_WCONFIG_OMP_HEART_PERF/E3/P8_W4_D512_D2023-03-01_14:16:55/CMakeFiles/CMakeTmp'
CMakeFiles/cmTC_edefe.dir/build.make:64: *** target pattern contains no `%'.  Stop.
gmake[1]: Leaving directory `/ccc/scratch/cont003/mds/guerouda/DEISA_V2_DERIVATIVE_WCONFIG_OMP_HEART_PERF/E3/P8_W4_D512_D2023-03-01_14:16:55/CMakeFiles/CMakeTmp'
gmake: *** [cmTC_edefe/fast] Error 2



Detecting CXX [-std=c++2a] compiler features failed to compile with the following output:
Change Dir: /ccc/scratch/cont003/mds/guerouda/DEISA_V2_DERIVATIVE_WCONFIG_OMP_HEART_PERF/E3/P8_W4_D512_D2023-03-01_14:16:55/CMakeFiles/CMakeTmp

Run Build Command:"/usr/bin/gmake" "cmTC_d7bbb/fast"
/usr/bin/gmake -f CMakeFiles/cmTC_d7bbb.dir/build.make CMakeFiles/cmTC_d7bbb.dir/build
gmake[1]: Entering directory `/ccc/scratch/cont003/mds/guerouda/DEISA_V2_DERIVATIVE_WCONFIG_OMP_HEART_PERF/E3/P8_W4_D512_D2023-03-01_14:16:55/CMakeFiles/CMakeTmp'
CMakeFiles/cmTC_d7bbb.dir/build.make:64: *** target pattern contains no `%'.  Stop.
gmake[1]: Leaving directory `/ccc/scratch/cont003/mds/guerouda/DEISA_V2_DERIVATIVE_WCONFIG_OMP_HEART_PERF/E3/P8_W4_D512_D2023-03-01_14:16:55/CMakeFiles/CMakeTmp'
gmake: *** [cmTC_d7bbb/fast] Error 2



Determining if the pthread_create exist failed with the following output:
Change Dir: /ccc/scratch/cont003/mds/guerouda/DEISA_V2_DERIVATIVE_WCONFIG_OMP_HEART_PERF/E3/P8_W4_D512_D2023-03-01_14:16:55/CMakeFiles/CMakeTmp

Run Build Command:"/usr/bin/gmake" "cmTC_1ad9e/fast"
/usr/bin/gmake -f CMakeFiles/cmTC_1ad9e.dir/build.make CMakeFiles/cmTC_1ad9e.dir/build
gmake[1]: Entering directory `/ccc/scratch/cont003/mds/guerouda/DEISA_V2_DERIVATIVE_WCONFIG_OMP_HEART_PERF/E3/P8_W4_D512_D2023-03-01_14:16:55/CMakeFiles/CMakeTmp'
Building C object CMakeFiles/cmTC_1ad9e.dir/CheckSymbolExists.c.o
/ccc/products/gcc-9.3.0/system/default/bin/gcc    -o CMakeFiles/cmTC_1ad9e.dir/CheckSymbolExists.c.o   -c /ccc/scratch/cont003/mds/guerouda/DEISA_V2_DERIVATIVE_WCONFIG_OMP_HEART_PERF/E3/P8_W4_D512_D2023-03-01_14:16:55/CMakeFiles/CMakeTmp/CheckSymbolExists.c
Linking C executable cmTC_1ad9e
/ccc/products2/cmake-3.13.3/Atos_7__x86_64/system/default/bin/cmake -E cmake_link_script CMakeFiles/cmTC_1ad9e.dir/link.txt --verbose=1
/ccc/products/gcc-9.3.0/system/default/bin/gcc      CMakeFiles/cmTC_1ad9e.dir/CheckSymbolExists.c.o  -o cmTC_1ad9e 
CMakeFiles/cmTC_1ad9e.dir/CheckSymbolExists.c.o:CheckSymbolExists.c:function main: error: undefined reference to 'pthread_create'
collect2: error: ld returned 1 exit status
gmake[1]: *** [cmTC_1ad9e] Error 1
gmake[1]: Leaving directory `/ccc/scratch/cont003/mds/guerouda/DEISA_V2_DERIVATIVE_WCONFIG_OMP_HEART_PERF/E3/P8_W4_D512_D2023-03-01_14:16:55/CMakeFiles/CMakeTmp'
gmake: *** [cmTC_1ad9e/fast] Error 2

File /ccc/scratch/cont003/mds/guerouda/DEISA_V2_DERIVATIVE_WCONFIG_OMP_HEART_PERF/E3/P8_W4_D512_D2023-03-01_14:16:55/CMakeFiles/CMakeTmp/CheckSymbolExists.c:
/* */
#include <pthread.h>

int main(int argc, char** argv)
{
  (void)argv;
#ifndef pthread_create
  return ((int*)(&pthread_create))[argc];
#else
  (void)argc;
  return 0;
#endif
}

Determining if the function pthread_create exists in the pthreads failed with the following output:
Change Dir: /ccc/scratch/cont003/mds/guerouda/DEISA_V2_DERIVATIVE_WCONFIG_OMP_HEART_PERF/E3/P8_W4_D512_D2023-03-01_14:16:55/CMakeFiles/CMakeTmp

Run Build Command:"/usr/bin/gmake" "cmTC_ec7e4/fast"
/usr/bin/gmake -f CMakeFiles/cmTC_ec7e4.dir/build.make CMakeFiles/cmTC_ec7e4.dir/build
gmake[1]: Entering directory `/ccc/scratch/cont003/mds/guerouda/DEISA_V2_DERIVATIVE_WCONFIG_OMP_HEART_PERF/E3/P8_W4_D512_D2023-03-01_14:16:55/CMakeFiles/CMakeTmp'
Building C object CMakeFiles/cmTC_ec7e4.dir/CheckFunctionExists.c.o
/ccc/products/gcc-9.3.0/system/default/bin/gcc   -DCHECK_FUNCTION_EXISTS=pthread_create   -o CMakeFiles/cmTC_ec7e4.dir/CheckFunctionExists.c.o   -c /ccc/products2/cmake-3.13.3/Atos_7__x86_64/system/default/share/cmake-3.13/Modules/CheckFunctionExists.c
Linking C executable cmTC_ec7e4
/ccc/products2/cmake-3.13.3/Atos_7__x86_64/system/default/bin/cmake -E cmake_link_script CMakeFiles/cmTC_ec7e4.dir/link.txt --verbose=1
/ccc/products/gcc-9.3.0/system/default/bin/gcc  -DCHECK_FUNCTION_EXISTS=pthread_create    CMakeFiles/cmTC_ec7e4.dir/CheckFunctionExists.c.o  -o cmTC_ec7e4 -lpthreads 
/ccc/work/cont003/gen2224/gen2224/spack/var/spack/environments/gysela-deisa-irene-skl-draft/.spack-env/view/bin/ld.gold: error: cannot find -lpthreads
CMakeFiles/cmTC_ec7e4.dir/CheckFunctionExists.c.o:CheckFunctionExists.c:function main: error: undefined reference to 'pthread_create'
collect2: error: ld returned 1 exit status
gmake[1]: *** [cmTC_ec7e4] Error 1
gmake[1]: Leaving directory `/ccc/scratch/cont003/mds/guerouda/DEISA_V2_DERIVATIVE_WCONFIG_OMP_HEART_PERF/E3/P8_W4_D512_D2023-03-01_14:16:55/CMakeFiles/CMakeTmp'
gmake: *** [cmTC_ec7e4/fast] Error 2


