Detecting C [-std=c11] compiler features failed to compile with the following output:
Change Dir: /ccc/work/cont003/mds/guerouda/deisa_v1/DEISA1_PHD_IPCA/E1P4_W2_D128_D2022-12-13_12:10:11/CMakeFiles/CMakeTmp

Run Build Command:"/usr/bin/gmake" "cmTC_6d768/fast"
/usr/bin/gmake -f CMakeFiles/cmTC_6d768.dir/build.make CMakeFiles/cmTC_6d768.dir/build
gmake[1]: Entering directory `/ccc/work/cont003/mds/guerouda/deisa_v1/DEISA1_PHD_IPCA/E1P4_W2_D128_D2022-12-13_12:10:11/CMakeFiles/CMakeTmp'
CMakeFiles/cmTC_6d768.dir/build.make:64: *** target pattern contains no `%'.  Stop.
gmake[1]: Leaving directory `/ccc/work/cont003/mds/guerouda/deisa_v1/DEISA1_PHD_IPCA/E1P4_W2_D128_D2022-12-13_12:10:11/CMakeFiles/CMakeTmp'
gmake: *** [cmTC_6d768/fast] Error 2



Detecting CXX [-std=c++2a] compiler features failed to compile with the following output:
Change Dir: /ccc/work/cont003/mds/guerouda/deisa_v1/DEISA1_PHD_IPCA/E1P4_W2_D128_D2022-12-13_12:10:11/CMakeFiles/CMakeTmp

Run Build Command:"/usr/bin/gmake" "cmTC_179d8/fast"
/usr/bin/gmake -f CMakeFiles/cmTC_179d8.dir/build.make CMakeFiles/cmTC_179d8.dir/build
gmake[1]: Entering directory `/ccc/work/cont003/mds/guerouda/deisa_v1/DEISA1_PHD_IPCA/E1P4_W2_D128_D2022-12-13_12:10:11/CMakeFiles/CMakeTmp'
CMakeFiles/cmTC_179d8.dir/build.make:64: *** target pattern contains no `%'.  Stop.
gmake[1]: Leaving directory `/ccc/work/cont003/mds/guerouda/deisa_v1/DEISA1_PHD_IPCA/E1P4_W2_D128_D2022-12-13_12:10:11/CMakeFiles/CMakeTmp'
gmake: *** [cmTC_179d8/fast] Error 2



Determining if the pthread_create exist failed with the following output:
Change Dir: /ccc/work/cont003/mds/guerouda/deisa_v1/DEISA1_PHD_IPCA/E1P4_W2_D128_D2022-12-13_12:10:11/CMakeFiles/CMakeTmp

Run Build Command:"/usr/bin/gmake" "cmTC_a5f47/fast"
/usr/bin/gmake -f CMakeFiles/cmTC_a5f47.dir/build.make CMakeFiles/cmTC_a5f47.dir/build
gmake[1]: Entering directory `/ccc/work/cont003/mds/guerouda/deisa_v1/DEISA1_PHD_IPCA/E1P4_W2_D128_D2022-12-13_12:10:11/CMakeFiles/CMakeTmp'
Building C object CMakeFiles/cmTC_a5f47.dir/CheckSymbolExists.c.o
/ccc/products/gcc-9.3.0/system/default/bin/gcc    -o CMakeFiles/cmTC_a5f47.dir/CheckSymbolExists.c.o   -c /ccc/work/cont003/mds/guerouda/deisa_v1/DEISA1_PHD_IPCA/E1P4_W2_D128_D2022-12-13_12:10:11/CMakeFiles/CMakeTmp/CheckSymbolExists.c
Linking C executable cmTC_a5f47
/ccc/products2/cmake-3.13.3/Atos_7__x86_64/system/default/bin/cmake -E cmake_link_script CMakeFiles/cmTC_a5f47.dir/link.txt --verbose=1
/ccc/products/gcc-9.3.0/system/default/bin/gcc      CMakeFiles/cmTC_a5f47.dir/CheckSymbolExists.c.o  -o cmTC_a5f47 
CMakeFiles/cmTC_a5f47.dir/CheckSymbolExists.c.o:CheckSymbolExists.c:function main: error: undefined reference to 'pthread_create'
collect2: error: ld returned 1 exit status
gmake[1]: *** [cmTC_a5f47] Error 1
gmake[1]: Leaving directory `/ccc/work/cont003/mds/guerouda/deisa_v1/DEISA1_PHD_IPCA/E1P4_W2_D128_D2022-12-13_12:10:11/CMakeFiles/CMakeTmp'
gmake: *** [cmTC_a5f47/fast] Error 2

File /ccc/work/cont003/mds/guerouda/deisa_v1/DEISA1_PHD_IPCA/E1P4_W2_D128_D2022-12-13_12:10:11/CMakeFiles/CMakeTmp/CheckSymbolExists.c:
/* */
#include <pthread.h>

int main(int argc, char** argv)
{
  (void)argv;
#ifndef pthread_create
  return ((int*)(&pthread_create))[argc];
#else
  (void)argc;
  return 0;
#endif
}

Determining if the function pthread_create exists in the pthreads failed with the following output:
Change Dir: /ccc/work/cont003/mds/guerouda/deisa_v1/DEISA1_PHD_IPCA/E1P4_W2_D128_D2022-12-13_12:10:11/CMakeFiles/CMakeTmp

Run Build Command:"/usr/bin/gmake" "cmTC_b81c8/fast"
/usr/bin/gmake -f CMakeFiles/cmTC_b81c8.dir/build.make CMakeFiles/cmTC_b81c8.dir/build
gmake[1]: Entering directory `/ccc/work/cont003/mds/guerouda/deisa_v1/DEISA1_PHD_IPCA/E1P4_W2_D128_D2022-12-13_12:10:11/CMakeFiles/CMakeTmp'
Building C object CMakeFiles/cmTC_b81c8.dir/CheckFunctionExists.c.o
/ccc/products/gcc-9.3.0/system/default/bin/gcc   -DCHECK_FUNCTION_EXISTS=pthread_create   -o CMakeFiles/cmTC_b81c8.dir/CheckFunctionExists.c.o   -c /ccc/products2/cmake-3.13.3/Atos_7__x86_64/system/default/share/cmake-3.13/Modules/CheckFunctionExists.c
Linking C executable cmTC_b81c8
/ccc/products2/cmake-3.13.3/Atos_7__x86_64/system/default/bin/cmake -E cmake_link_script CMakeFiles/cmTC_b81c8.dir/link.txt --verbose=1
/ccc/products/gcc-9.3.0/system/default/bin/gcc  -DCHECK_FUNCTION_EXISTS=pthread_create    CMakeFiles/cmTC_b81c8.dir/CheckFunctionExists.c.o  -o cmTC_b81c8 -lpthreads 
/ccc/work/cont003/gen2224/gen2224/spack/var/spack/environments/gysela-deisa-irene-skl-draft/.spack-env/view/bin/ld.gold: error: cannot find -lpthreads
CMakeFiles/cmTC_b81c8.dir/CheckFunctionExists.c.o:CheckFunctionExists.c:function main: error: undefined reference to 'pthread_create'
collect2: error: ld returned 1 exit status
gmake[1]: *** [cmTC_b81c8] Error 1
gmake[1]: Leaving directory `/ccc/work/cont003/mds/guerouda/deisa_v1/DEISA1_PHD_IPCA/E1P4_W2_D128_D2022-12-13_12:10:11/CMakeFiles/CMakeTmp'
gmake: *** [cmTC_b81c8/fast] Error 2


